d:\lab_mu\cliente\source\global debug\main.pch
d:\lab_mu\cliente\source\global debug\vc143.pdb
d:\lab_mu\cliente\source\global debug\vc143.idb
d:\lab_mu\cliente\source\global debug\stdafx.sbr
d:\lab_mu\cliente\source\global debug\stdafx.obj
d:\lab_mu\cliente\source\global debug\ccomgem.sbr
d:\lab_mu\cliente\source\global debug\ccomgem.obj
d:\lab_mu\cliente\source\global debug\msgboxigscommon.sbr
d:\lab_mu\cliente\source\global debug\msgboxigscommon.obj
d:\lab_mu\cliente\source\global debug\path.sbr
d:\lab_mu\cliente\source\global debug\path.obj
d:\lab_mu\cliente\source\global debug\shoppackagelist.sbr
d:\lab_mu\cliente\source\global debug\shoppackagelist.obj
d:\lab_mu\cliente\source\global debug\gmdoppelganger1.sbr
d:\lab_mu\cliente\source\global debug\gmdoppelganger1.obj
d:\lab_mu\cliente\source\global debug\newuibattlesoccerscore.sbr
d:\lab_mu\cliente\source\global debug\newuibattlesoccerscore.obj
d:\lab_mu\cliente\source\global debug\newuicharacterinfowindow.sbr
d:\lab_mu\cliente\source\global debug\newuicharacterinfowindow.obj
d:\lab_mu\cliente\source\global debug\newuiempireguardiannpc.sbr
d:\lab_mu\cliente\source\global debug\newuiempireguardiannpc.obj
d:\lab_mu\cliente\source\global debug\newuiitemenduranceinfo.sbr
d:\lab_mu\cliente\source\global debug\newuiitemenduranceinfo.obj
d:\lab_mu\cliente\source\global debug\newuinpcquest.sbr
d:\lab_mu\cliente\source\global debug\newuinpcquest.obj
d:\lab_mu\cliente\source\global debug\newuisystem.sbr
d:\lab_mu\cliente\source\global debug\newuisystem.obj
d:\lab_mu\cliente\source\global debug\smd2bmd.sbr
d:\lab_mu\cliente\source\global debug\smd2bmd.obj
d:\lab_mu\cliente\source\global debug\testeventmap.sbr
d:\lab_mu\cliente\source\global debug\testeventmap.obj
d:\lab_mu\cliente\source\global debug\texturescript.sbr
d:\lab_mu\cliente\source\global debug\texturescript.obj
d:\lab_mu\cliente\source\global debug\uicontrols.sbr
d:\lab_mu\cliente\source\global debug\uicontrols.obj
d:\lab_mu\cliente\source\global debug\zzzopendata.sbr
d:\lab_mu\cliente\source\global debug\zzzopendata.obj
d:\lab_mu\cliente\source\global debug\cdirection.sbr
d:\lab_mu\cliente\source\global debug\cdirection.obj
d:\lab_mu\cliente\source\global debug\msgboxigsgiftstorageiteminfo.sbr
d:\lab_mu\cliente\source\global debug\msgboxigsgiftstorageiteminfo.obj
d:\lab_mu\cliente\source\global debug\gmbattlecastle.sbr
d:\lab_mu\cliente\source\global debug\gmbattlecastle.obj
d:\lab_mu\cliente\source\global debug\newui3drendermng.sbr
d:\lab_mu\cliente\source\global debug\newui3drendermng.obj
d:\lab_mu\cliente\source\global debug\newuibutton.sbr
d:\lab_mu\cliente\source\global debug\newuibutton.obj
d:\lab_mu\cliente\source\global debug\newuicommon.sbr
d:\lab_mu\cliente\source\global debug\newuicommon.obj
d:\lab_mu\cliente\source\global debug\newuiduelwindow.sbr
d:\lab_mu\cliente\source\global debug\newuiduelwindow.obj
d:\lab_mu\cliente\source\global debug\newuigatemanwindow.sbr
d:\lab_mu\cliente\source\global debug\newuigatemanwindow.obj
d:\lab_mu\cliente\source\global debug\newuimessagebox.sbr
d:\lab_mu\cliente\source\global debug\newuimessagebox.obj
d:\lab_mu\cliente\source\global debug\newuinamewindow.sbr
d:\lab_mu\cliente\source\global debug\newuinamewindow.obj
d:\lab_mu\cliente\source\global debug\newuipartylistwindow.sbr
d:\lab_mu\cliente\source\global debug\newuipartylistwindow.obj
d:\lab_mu\cliente\source\global debug\newuitextbox.sbr
d:\lab_mu\cliente\source\global debug\newuitextbox.obj
d:\lab_mu\cliente\source\global debug\timer.sbr
d:\lab_mu\cliente\source\global debug\timer.obj
d:\lab_mu\cliente\source\global debug\uigatekeeper.sbr
d:\lab_mu\cliente\source\global debug\uigatekeeper.obj
d:\lab_mu\cliente\source\global debug\wsctlc.sbr
d:\lab_mu\cliente\source\global debug\wsctlc.obj
d:\lab_mu\cliente\source\global debug\w_characterinfo.sbr
d:\lab_mu\cliente\source\global debug\w_characterinfo.obj
d:\lab_mu\cliente\source\global debug\w_objectinfo.sbr
d:\lab_mu\cliente\source\global debug\w_objectinfo.obj
d:\lab_mu\cliente\source\global debug\w_petactionround.sbr
d:\lab_mu\cliente\source\global debug\w_petactionround.obj
d:\lab_mu\cliente\source\global debug\w_petactionunicorn.sbr
d:\lab_mu\cliente\source\global debug\w_petactionunicorn.obj
d:\lab_mu\cliente\source\global debug\blackwin.sbr
d:\lab_mu\cliente\source\global debug\blackwin.obj
d:\lab_mu\cliente\source\global debug\csmapserver.sbr
d:\lab_mu\cliente\source\global debug\csmapserver.obj
d:\lab_mu\cliente\source\global debug\msgboxigssendgiftconfirm.sbr
d:\lab_mu\cliente\source\global debug\msgboxigssendgiftconfirm.obj
d:\lab_mu\cliente\source\global debug\gipetmanager.sbr
d:\lab_mu\cliente\source\global debug\gipetmanager.obj
d:\lab_mu\cliente\source\global debug\newuibloodcastleenter.sbr
d:\lab_mu\cliente\source\global debug\newuibloodcastleenter.obj
d:\lab_mu\cliente\source\global debug\newuicursedtemplesystem.sbr
d:\lab_mu\cliente\source\global debug\newuicursedtemplesystem.obj
d:\lab_mu\cliente\source\global debug\newuiguardwindow.sbr
d:\lab_mu\cliente\source\global debug\newuiguardwindow.obj
d:\lab_mu\cliente\source\global debug\newuimyinventory.sbr
d:\lab_mu\cliente\source\global debug\newuimyinventory.obj
d:\lab_mu\cliente\source\global debug\newuisiegewarobserver.sbr
d:\lab_mu\cliente\source\global debug\newuisiegewarobserver.obj
d:\lab_mu\cliente\source\global debug\sidehair.sbr
d:\lab_mu\cliente\source\global debug\sidehair.obj
d:\lab_mu\cliente\source\global debug\skillinfo.sbr
d:\lab_mu\cliente\source\global debug\skillinfo.obj
d:\lab_mu\cliente\source\global debug\smd.sbr
d:\lab_mu\cliente\source\global debug\smd.obj
d:\lab_mu\cliente\source\global debug\summonsystem.sbr
d:\lab_mu\cliente\source\global debug\summonsystem.obj
d:\lab_mu\cliente\source\global debug\win.sbr
d:\lab_mu\cliente\source\global debug\win.obj
d:\lab_mu\cliente\source\global debug\w_buffscriptloader.sbr
d:\lab_mu\cliente\source\global debug\w_buffscriptloader.obj
d:\lab_mu\cliente\source\global debug\zzzeffectfireleave.sbr
d:\lab_mu\cliente\source\global debug\zzzeffectfireleave.obj
d:\lab_mu\cliente\source\global debug\zzzeffectpoint.sbr
d:\lab_mu\cliente\source\global debug\zzzeffectpoint.obj
d:\lab_mu\cliente\source\global debug\zzzinterface.sbr
d:\lab_mu\cliente\source\global debug\zzzinterface.obj
d:\lab_mu\cliente\source\global debug\ckanturudirection.sbr
d:\lab_mu\cliente\source\global debug\ckanturudirection.obj
d:\lab_mu\cliente\source\global debug\event.sbr
d:\lab_mu\cliente\source\global debug\event.obj
d:\lab_mu\cliente\source\global debug\msgboxigsbuypackageitem.sbr
d:\lab_mu\cliente\source\global debug\msgboxigsbuypackageitem.obj
d:\lab_mu\cliente\source\global debug\globalbitmap.sbr
d:\lab_mu\cliente\source\global debug\globalbitmap.obj
d:\lab_mu\cliente\source\global debug\gmnewtown.sbr
d:\lab_mu\cliente\source\global debug\gmnewtown.obj
d:\lab_mu\cliente\source\global debug\guildcache.sbr
d:\lab_mu\cliente\source\global debug\guildcache.obj
d:\lab_mu\cliente\source\global debug\monksystem.sbr
d:\lab_mu\cliente\source\global debug\monksystem.obj
d:\lab_mu\cliente\source\global debug\newuicustommessagebox.sbr
d:\lab_mu\cliente\source\global debug\newuicustommessagebox.obj
d:\lab_mu\cliente\source\global debug\newuihotkey.sbr
d:\lab_mu\cliente\source\global debug\newuihotkey.obj
d:\lab_mu\cliente\source\global debug\newuioptionwindow.sbr
d:\lab_mu\cliente\source\global debug\newuioptionwindow.obj
d:\lab_mu\cliente\source\global debug\newuisiegewarsoldier.sbr
d:\lab_mu\cliente\source\global debug\newuisiegewarsoldier.obj
d:\lab_mu\cliente\source\global debug\shadowvolume.sbr
d:\lab_mu\cliente\source\global debug\shadowvolume.obj
d:\lab_mu\cliente\source\global debug\skillmanager.sbr
d:\lab_mu\cliente\source\global debug\skillmanager.obj
d:\lab_mu\cliente\source\global debug\sprite.sbr
d:\lab_mu\cliente\source\global debug\sprite.obj
d:\lab_mu\cliente\source\global debug\ctimcheck.sbr
d:\lab_mu\cliente\source\global debug\ctimcheck.obj
d:\lab_mu\cliente\source\global debug\uiguardsman.sbr
d:\lab_mu\cliente\source\global debug\uiguardsman.obj
d:\lab_mu\cliente\source\global debug\wsclient.sbr
d:\lab_mu\cliente\source\global debug\wsclient.obj
d:\lab_mu\cliente\source\global debug\changeringmanager.sbr
d:\lab_mu\cliente\source\global debug\changeringmanager.obj
d:\lab_mu\cliente\source\global debug\cseventmatch.sbr
d:\lab_mu\cliente\source\global debug\cseventmatch.obj
d:\lab_mu\cliente\source\global debug\bannerinfo.sbr
d:\lab_mu\cliente\source\global debug\bannerinfo.obj
d:\lab_mu\cliente\source\global debug\bannerlistmanager.sbr
d:\lab_mu\cliente\source\global debug\bannerlistmanager.obj
d:\lab_mu\cliente\source\global debug\listmanager.sbr
d:\lab_mu\cliente\source\global debug\listmanager.obj
d:\lab_mu\cliente\source\global debug\shoplist.sbr
d:\lab_mu\cliente\source\global debug\shoplist.obj
d:\lab_mu\cliente\source\global debug\gmdoppelganger3.sbr
d:\lab_mu\cliente\source\global debug\gmdoppelganger3.obj
d:\lab_mu\cliente\source\global debug\gmhuntingground.sbr
d:\lab_mu\cliente\source\global debug\gmhuntingground.obj
d:\lab_mu\cliente\source\global debug\matchevent.sbr
d:\lab_mu\cliente\source\global debug\matchevent.obj
d:\lab_mu\cliente\source\global debug\newuibuffwindow.sbr
d:\lab_mu\cliente\source\global debug\newuibuffwindow.obj
d:\lab_mu\cliente\source\global debug\newuichatlogwindow.sbr
d:\lab_mu\cliente\source\global debug\newuichatlogwindow.obj
d:\lab_mu\cliente\source\global debug\newuienterdevilsquare.sbr
d:\lab_mu\cliente\source\global debug\newuienterdevilsquare.obj
d:\lab_mu\cliente\source\global debug\newuiitemexplanationwindow.sbr
d:\lab_mu\cliente\source\global debug\newuiitemexplanationwindow.obj
d:\lab_mu\cliente\source\global debug\newuipartyinfowindow.sbr
d:\lab_mu\cliente\source\global debug\newuipartyinfowindow.obj
d:\lab_mu\cliente\source\global debug\newuistorageinventory.sbr
d:\lab_mu\cliente\source\global debug\newuistorageinventory.obj
d:\lab_mu\cliente\source\global debug\skilleffectmgr.sbr
d:\lab_mu\cliente\source\global debug\skilleffectmgr.obj
d:\lab_mu\cliente\source\global debug\slider.sbr
d:\lab_mu\cliente\source\global debug\slider.obj
d:\lab_mu\cliente\source\global debug\sysmenuwin.sbr
d:\lab_mu\cliente\source\global debug\sysmenuwin.obj
d:\lab_mu\cliente\source\global debug\windowsconsole.sbr
d:\lab_mu\cliente\source\global debug\windowsconsole.obj
d:\lab_mu\cliente\source\global debug\winex.sbr
d:\lab_mu\cliente\source\global debug\winex.obj
d:\lab_mu\cliente\source\global debug\w_buffstatesystem.sbr
d:\lab_mu\cliente\source\global debug\w_buffstatesystem.obj
d:\lab_mu\cliente\source\global debug\w_buffstatevaluecontrol.sbr
d:\lab_mu\cliente\source\global debug\w_buffstatevaluecontrol.obj
d:\lab_mu\cliente\source\global debug\zzzeffectjoint.sbr
d:\lab_mu\cliente\source\global debug\zzzeffectjoint.obj
d:\lab_mu\cliente\source\global debug\zzzobject.sbr
d:\lab_mu\cliente\source\global debug\zzzobject.obj
d:\lab_mu\cliente\source\global debug\cameramove.sbr
d:\lab_mu\cliente\source\global debug\cameramove.obj
d:\lab_mu\cliente\source\global debug\csparts.sbr
d:\lab_mu\cliente\source\global debug\csparts.obj
d:\lab_mu\cliente\source\global debug\exceptionhandler.sbr
d:\lab_mu\cliente\source\global debug\exceptionhandler.obj
d:\lab_mu\cliente\source\global debug\ftpconnecter.sbr
d:\lab_mu\cliente\source\global debug\ftpconnecter.obj
d:\lab_mu\cliente\source\global debug\ingameshopsystem.sbr
d:\lab_mu\cliente\source\global debug\ingameshopsystem.obj
d:\lab_mu\cliente\source\global debug\gmcrywolf1st.sbr
d:\lab_mu\cliente\source\global debug\gmcrywolf1st.obj
d:\lab_mu\cliente\source\global debug\newuibloodcastletime.sbr
d:\lab_mu\cliente\source\global debug\newuibloodcastletime.obj
d:\lab_mu\cliente\source\global debug\newuidoppelgangerframe.sbr
d:\lab_mu\cliente\source\global debug\newuidoppelgangerframe.obj
d:\lab_mu\cliente\source\global debug\newuigoldbowmanwindow.sbr
d:\lab_mu\cliente\source\global debug\newuigoldbowmanwindow.obj
d:\lab_mu\cliente\source\global debug\newuimovecommandwindow.sbr
d:\lab_mu\cliente\source\global debug\newuimovecommandwindow.obj
d:\lab_mu\cliente\source\global debug\newuirendernumber.sbr
d:\lab_mu\cliente\source\global debug\newuirendernumber.obj
d:\lab_mu\cliente\source\global debug\newuiseigewarfare.sbr
d:\lab_mu\cliente\source\global debug\newuiseigewarfare.obj
d:\lab_mu\cliente\source\global debug\physicsmanager.sbr
d:\lab_mu\cliente\source\global debug\physicsmanager.obj
d:\lab_mu\cliente\source\global debug\questinfo.sbr
d:\lab_mu\cliente\source\global debug\questinfo.obj
d:\lab_mu\cliente\source\global debug\serverlistmanager.sbr
d:\lab_mu\cliente\source\global debug\serverlistmanager.obj
d:\lab_mu\cliente\source\global debug\slideinfo.sbr
d:\lab_mu\cliente\source\global debug\slideinfo.obj
d:\lab_mu\cliente\source\global debug\socketsystem.sbr
d:\lab_mu\cliente\source\global debug\socketsystem.obj
d:\lab_mu\cliente\source\global debug\uimanager.sbr
d:\lab_mu\cliente\source\global debug\uimanager.obj
d:\lab_mu\cliente\source\global debug\zzzcharacter.sbr
d:\lab_mu\cliente\source\global debug\zzzcharacter.obj
d:\lab_mu\cliente\source\global debug\builder.sbr
d:\lab_mu\cliente\source\global debug\builder.obj
d:\lab_mu\cliente\source\global debug\creditinfo.sbr
d:\lab_mu\cliente\source\global debug\creditinfo.obj
d:\lab_mu\cliente\source\global debug\cschaoscastle.sbr
d:\lab_mu\cliente\source\global debug\cschaoscastle.obj
d:\lab_mu\cliente\source\global debug\newuiingameshop.sbr
d:\lab_mu\cliente\source\global debug\newuiingameshop.obj
d:\lab_mu\cliente\source\global debug\gmempireguardian4.sbr
d:\lab_mu\cliente\source\global debug\gmempireguardian4.obj
d:\lab_mu\cliente\source\global debug\gm_kanturu_3rd.sbr
d:\lab_mu\cliente\source\global debug\gm_kanturu_3rd.obj
d:\lab_mu\cliente\source\global debug\movecommanddata.sbr
d:\lab_mu\cliente\source\global debug\movecommanddata.obj
d:\lab_mu\cliente\source\global debug\moviescene.sbr
d:\lab_mu\cliente\source\global debug\moviescene.obj
d:\lab_mu\cliente\source\global debug\newbloodcastlesystem.sbr
d:\lab_mu\cliente\source\global debug\newbloodcastlesystem.obj
d:\lab_mu\cliente\source\global debug\newuicursedtempleresult.sbr
d:\lab_mu\cliente\source\global debug\newuicursedtempleresult.obj
d:\lab_mu\cliente\source\global debug\newuigoldbowmanlena.sbr
d:\lab_mu\cliente\source\global debug\newuigoldbowmanlena.obj
d:\lab_mu\cliente\source\global debug\newuiminimap.sbr
d:\lab_mu\cliente\source\global debug\newuiminimap.obj
d:\lab_mu\cliente\source\global debug\newuiquickcommandwindow.sbr
d:\lab_mu\cliente\source\global debug\newuiquickcommandwindow.obj
d:\lab_mu\cliente\source\global debug\npcgateswitch.sbr
d:\lab_mu\cliente\source\global debug\npcgateswitch.obj
d:\lab_mu\cliente\source\global debug\uisenatus.sbr
d:\lab_mu\cliente\source\global debug\uisenatus.obj
d:\lab_mu\cliente\source\global debug\zzzeffect.sbr
d:\lab_mu\cliente\source\global debug\zzzeffect.obj
d:\lab_mu\cliente\source\global debug\charactermanager.sbr
d:\lab_mu\cliente\source\global debug\charactermanager.obj
d:\lab_mu\cliente\source\global debug\cspetsystem.sbr
d:\lab_mu\cliente\source\global debug\cspetsystem.obj
d:\lab_mu\cliente\source\global debug\bannerinfolist.sbr
d:\lab_mu\cliente\source\global debug\bannerinfolist.obj
d:\lab_mu\cliente\source\global debug\shopcategory.sbr
d:\lab_mu\cliente\source\global debug\shopcategory.obj
d:\lab_mu\cliente\source\global debug\shoplistmanager.sbr
d:\lab_mu\cliente\source\global debug\shoplistmanager.obj
d:\lab_mu\cliente\source\global debug\shopproduct.sbr
d:\lab_mu\cliente\source\global debug\shopproduct.obj
d:\lab_mu\cliente\source\global debug\gaugebar.sbr
d:\lab_mu\cliente\source\global debug\gaugebar.obj
d:\lab_mu\cliente\source\global debug\gmdoppelganger4.sbr
d:\lab_mu\cliente\source\global debug\gmdoppelganger4.obj
d:\lab_mu\cliente\source\global debug\gmsantatown.sbr
d:\lab_mu\cliente\source\global debug\gmsantatown.obj
d:\lab_mu\cliente\source\global debug\gm_pk_field.sbr
d:\lab_mu\cliente\source\global debug\gm_pk_field.obj
d:\lab_mu\cliente\source\global debug\guildmanager.sbr
d:\lab_mu\cliente\source\global debug\guildmanager.obj
d:\lab_mu\cliente\source\global debug\movereqinfo.sbr
d:\lab_mu\cliente\source\global debug\movereqinfo.obj
d:\lab_mu\cliente\source\global debug\msgwin.sbr
d:\lab_mu\cliente\source\global debug\msgwin.obj
d:\lab_mu\cliente\source\global debug\newuicursedtempleenter.sbr
d:\lab_mu\cliente\source\global debug\newuicursedtempleenter.obj
d:\lab_mu\cliente\source\global debug\newuigensranking.sbr
d:\lab_mu\cliente\source\global debug\newuigensranking.obj
d:\lab_mu\cliente\source\global debug\newuimasterlevel.sbr
d:\lab_mu\cliente\source\global debug\newuimasterlevel.obj
d:\lab_mu\cliente\source\global debug\newuiquestprogress.sbr
d:\lab_mu\cliente\source\global debug\newuiquestprogress.obj
d:\lab_mu\cliente\source\global debug\observer.sbr
d:\lab_mu\cliente\source\global debug\observer.obj
d:\lab_mu\cliente\source\global debug\partymanager.sbr
d:\lab_mu\cliente\source\global debug\partymanager.obj
d:\lab_mu\cliente\source\global debug\personalshoptitleimp.sbr
d:\lab_mu\cliente\source\global debug\personalshoptitleimp.obj
d:\lab_mu\cliente\source\global debug\uiwindows.sbr
d:\lab_mu\cliente\source\global debug\uiwindows.obj
d:\lab_mu\cliente\source\global debug\zzzmixinvetory.sbr
d:\lab_mu\cliente\source\global debug\zzzmixinvetory.obj
d:\lab_mu\cliente\source\global debug\cmvp1stdirection.sbr
d:\lab_mu\cliente\source\global debug\cmvp1stdirection.obj
d:\lab_mu\cliente\source\global debug\explanationinfo.sbr
d:\lab_mu\cliente\source\global debug\explanationinfo.obj
d:\lab_mu\cliente\source\global debug\checkintegrity.sbr
d:\lab_mu\cliente\source\global debug\checkintegrity.obj
d:\lab_mu\cliente\source\global debug\peimage.sbr
d:\lab_mu\cliente\source\global debug\peimage.obj
d:\lab_mu\cliente\source\global debug\xstreambuf.sbr
d:\lab_mu\cliente\source\global debug\xstreambuf.obj
d:\lab_mu\cliente\source\global debug\gamblesystem.sbr
d:\lab_mu\cliente\source\global debug\gamblesystem.obj
d:\lab_mu\cliente\source\global debug\downloadinfo.sbr
d:\lab_mu\cliente\source\global debug\downloadinfo.obj
d:\lab_mu\cliente\source\global debug\msgboxigsstorageiteminfo.sbr
d:\lab_mu\cliente\source\global debug\msgboxigsstorageiteminfo.obj
d:\lab_mu\cliente\source\global debug\gmcryingwolf2nd.sbr
d:\lab_mu\cliente\source\global debug\gmcryingwolf2nd.obj
d:\lab_mu\cliente\source\global debug\itemaddoptioninfo.sbr
d:\lab_mu\cliente\source\global debug\itemaddoptioninfo.obj
d:\lab_mu\cliente\source\global debug\newuichatinputbox.sbr
d:\lab_mu\cliente\source\global debug\newuichatinputbox.obj
d:\lab_mu\cliente\source\global debug\newuiempireguardiantimer.sbr
d:\lab_mu\cliente\source\global debug\newuiempireguardiantimer.obj
d:\lab_mu\cliente\source\global debug\newuiinventoryctrl.sbr
d:\lab_mu\cliente\source\global debug\newuiinventoryctrl.obj
d:\lab_mu\cliente\source\global debug\newuinpcshop.sbr
d:\lab_mu\cliente\source\global debug\newuinpcshop.obj
d:\lab_mu\cliente\source\global debug\newuislidewindow.sbr
d:\lab_mu\cliente\source\global debug\newuislidewindow.obj
d:\lab_mu\cliente\source\global debug\newuiunitedmarketplacewindow.sbr
d:\lab_mu\cliente\source\global debug\newuiunitedmarketplacewindow.obj
d:\lab_mu\cliente\source\global debug\uijewelharmony.sbr
d:\lab_mu\cliente\source\global debug\uijewelharmony.obj
d:\lab_mu\cliente\source\global debug\w_mapprocess.sbr
d:\lab_mu\cliente\source\global debug\w_mapprocess.obj
d:\lab_mu\cliente\source\global debug\zzzai.sbr
d:\lab_mu\cliente\source\global debug\zzzai.obj
d:\lab_mu\cliente\source\global debug\zzzeffectpointer.sbr
d:\lab_mu\cliente\source\global debug\zzzeffectpointer.obj
d:\lab_mu\cliente\source\global debug\zzzinventory.sbr
d:\lab_mu\cliente\source\global debug\zzzinventory.obj
d:\lab_mu\cliente\source\global debug\cbtmessagebox.sbr
d:\lab_mu\cliente\source\global debug\cbtmessagebox.obj
d:\lab_mu\cliente\source\global debug\creditwin.sbr
d:\lab_mu\cliente\source\global debug\creditwin.obj
d:\lab_mu\cliente\source\global debug\msgboxigsdeleteitemconfirm.sbr
d:\lab_mu\cliente\source\global debug\msgboxigsdeleteitemconfirm.obj
d:\lab_mu\cliente\source\global debug\gm3rdchangeup.sbr
d:\lab_mu\cliente\source\global debug\gm3rdchangeup.obj
d:\lab_mu\cliente\source\global debug\input.sbr
d:\lab_mu\cliente\source\global debug\input.obj
d:\lab_mu\cliente\source\global debug\multilanguage.sbr
d:\lab_mu\cliente\source\global debug\multilanguage.obj
d:\lab_mu\cliente\source\global debug\newchaoscastlesystem.sbr
d:\lab_mu\cliente\source\global debug\newchaoscastlesystem.obj
d:\lab_mu\cliente\source\global debug\newuidoppelgangerwindow.sbr
d:\lab_mu\cliente\source\global debug\newuidoppelgangerwindow.obj
d:\lab_mu\cliente\source\global debug\newuigroup.sbr
d:\lab_mu\cliente\source\global debug\newuigroup.obj
d:\lab_mu\cliente\source\global debug\newuiguildinfowindow.sbr
d:\lab_mu\cliente\source\global debug\newuiguildinfowindow.obj
d:\lab_mu\cliente\source\global debug\newuimyquestinfowindow.sbr
d:\lab_mu\cliente\source\global debug\newuimyquestinfowindow.obj
d:\lab_mu\cliente\source\global debug\newuiregistrationluckycoin.sbr
d:\lab_mu\cliente\source\global debug\newuiregistrationluckycoin.obj
d:\lab_mu\cliente\source\global debug\npcbreeder.sbr
d:\lab_mu\cliente\source\global debug\npcbreeder.obj
d:\lab_mu\cliente\source\global debug\uimng.sbr
d:\lab_mu\cliente\source\global debug\uimng.obj
d:\lab_mu\cliente\source\global debug\usefuldef.sbr
d:\lab_mu\cliente\source\global debug\usefuldef.obj
d:\lab_mu\cliente\source\global debug\w_basepet.sbr
d:\lab_mu\cliente\source\global debug\w_basepet.obj
d:\lab_mu\cliente\source\global debug\w_petactioncollecter_add.sbr
d:\lab_mu\cliente\source\global debug\w_petactioncollecter_add.obj
d:\lab_mu\cliente\source\global debug\_globalfunctions.sbr
d:\lab_mu\cliente\source\global debug\_globalfunctions.obj
d:\lab_mu\cliente\source\global debug\bonemanager.sbr
d:\lab_mu\cliente\source\global debug\bonemanager.obj
d:\lab_mu\cliente\source\global debug\csquest.sbr
d:\lab_mu\cliente\source\global debug\csquest.obj
d:\lab_mu\cliente\source\global debug\msgboxigsusebuffconfirm.sbr
d:\lab_mu\cliente\source\global debug\msgboxigsusebuffconfirm.obj
d:\lab_mu\cliente\source\global debug\gmaida.sbr
d:\lab_mu\cliente\source\global debug\gmaida.obj
d:\lab_mu\cliente\source\global debug\iteminfo.sbr
d:\lab_mu\cliente\source\global debug\iteminfo.obj
d:\lab_mu\cliente\source\global debug\loadingscene.sbr
d:\lab_mu\cliente\source\global debug\loadingscene.obj
d:\lab_mu\cliente\source\global debug\loginwin.sbr
d:\lab_mu\cliente\source\global debug\loginwin.obj
d:\lab_mu\cliente\source\global debug\newuicommonmessagebox.sbr
d:\lab_mu\cliente\source\global debug\newuicommonmessagebox.obj
d:\lab_mu\cliente\source\global debug\newuigateswitchwindow.sbr
d:\lab_mu\cliente\source\global debug\newuigateswitchwindow.obj
d:\lab_mu\cliente\source\global debug\newuimanager.sbr
d:\lab_mu\cliente\source\global debug\newuimanager.obj
d:\lab_mu\cliente\source\global debug\newuimixinventory.sbr
d:\lab_mu\cliente\source\global debug\newuimixinventory.obj
d:\lab_mu\cliente\source\global debug\newuiquestprogressbyetc.sbr
d:\lab_mu\cliente\source\global debug\newuiquestprogressbyetc.obj
d:\lab_mu\cliente\source\global debug\npccatapult.sbr
d:\lab_mu\cliente\source\global debug\npccatapult.obj
d:\lab_mu\cliente\source\global debug\optionwin.sbr
d:\lab_mu\cliente\source\global debug\optionwin.obj
d:\lab_mu\cliente\source\global debug\uipopup.sbr
d:\lab_mu\cliente\source\global debug\uipopup.obj
d:\lab_mu\cliente\source\global debug\zzzbmd.sbr
d:\lab_mu\cliente\source\global debug\zzzbmd.obj
d:\lab_mu\cliente\source\global debug\zzzeffectblurspark.sbr
d:\lab_mu\cliente\source\global debug\zzzeffectblurspark.obj
d:\lab_mu\cliente\source\global debug\zzzeffectmagicskill.sbr
d:\lab_mu\cliente\source\global debug\zzzeffectmagicskill.obj
d:\lab_mu\cliente\source\global debug\zzzeffectsprite.sbr
d:\lab_mu\cliente\source\global debug\zzzeffectsprite.obj
d:\lab_mu\cliente\source\global debug\zzzlodterrain.sbr
d:\lab_mu\cliente\source\global debug\zzzlodterrain.obj
d:\lab_mu\cliente\source\global debug\zzzpath.sbr
d:\lab_mu\cliente\source\global debug\zzzpath.obj
d:\lab_mu\cliente\source\global debug\charinfoballoon.sbr
d:\lab_mu\cliente\source\global debug\charinfoballoon.obj
d:\lab_mu\cliente\source\global debug\dialoginfo.sbr
d:\lab_mu\cliente\source\global debug\dialoginfo.obj
d:\lab_mu\cliente\source\global debug\dsplaysound.sbr
d:\lab_mu\cliente\source\global debug\dsplaysound.obj
d:\lab_mu\cliente\source\global debug\stdleaf.sbr
d:\lab_mu\cliente\source\global debug\stdleaf.obj
d:\lab_mu\cliente\source\global debug\xortrans.sbr
d:\lab_mu\cliente\source\global debug\xortrans.obj
d:\lab_mu\cliente\source\global debug\filterinfo.sbr
d:\lab_mu\cliente\source\global debug\filterinfo.obj
d:\lab_mu\cliente\source\global debug\filternameinfo.sbr
d:\lab_mu\cliente\source\global debug\filternameinfo.obj
d:\lab_mu\cliente\source\global debug\gamecensorship.sbr
d:\lab_mu\cliente\source\global debug\gamecensorship.obj
d:\lab_mu\cliente\source\global debug\filedownloader.sbr
d:\lab_mu\cliente\source\global debug\filedownloader.obj
d:\lab_mu\cliente\source\global debug\httpconnecter.sbr
d:\lab_mu\cliente\source\global debug\httpconnecter.obj
d:\lab_mu\cliente\source\global debug\msgboxigsbuyconfirm.sbr
d:\lab_mu\cliente\source\global debug\msgboxigsbuyconfirm.obj
d:\lab_mu\cliente\source\global debug\stringtoken.sbr
d:\lab_mu\cliente\source\global debug\stringtoken.obj
d:\lab_mu\cliente\source\global debug\gmempireguardian3.sbr
d:\lab_mu\cliente\source\global debug\gmempireguardian3.obj
d:\lab_mu\cliente\source\global debug\gm_kanturu_1st.sbr
d:\lab_mu\cliente\source\global debug\gm_kanturu_1st.obj
d:\lab_mu\cliente\source\global debug\zzzmathlib.sbr
d:\lab_mu\cliente\source\global debug\zzzmathlib.obj
d:\lab_mu\cliente\source\global debug\mixmgr.sbr
d:\lab_mu\cliente\source\global debug\mixmgr.obj
d:\lab_mu\cliente\source\global debug\newuichaoscastletime.sbr
d:\lab_mu\cliente\source\global debug\newuichaoscastletime.obj
d:\lab_mu\cliente\source\global debug\newuiduelwatchmainframewindow.sbr
d:\lab_mu\cliente\source\global debug\newuiduelwatchmainframewindow.obj
d:\lab_mu\cliente\source\global debug\newuihelpwindow.sbr
d:\lab_mu\cliente\source\global debug\newuihelpwindow.obj
d:\lab_mu\cliente\source\global debug\newuimuhelper.sbr
d:\lab_mu\cliente\source\global debug\newuimuhelper.obj
d:\lab_mu\cliente\source\global debug\newuisetitemexplanation.sbr
d:\lab_mu\cliente\source\global debug\newuisetitemexplanation.obj
d:\lab_mu\cliente\source\global debug\plist.sbr
d:\lab_mu\cliente\source\global debug\plist.obj
d:\lab_mu\cliente\source\global debug\portalmgr.sbr
d:\lab_mu\cliente\source\global debug\portalmgr.obj
d:\lab_mu\cliente\source\global debug\questmng.sbr
d:\lab_mu\cliente\source\global debug\questmng.obj
d:\lab_mu\cliente\source\global debug\memorylock.sbr
d:\lab_mu\cliente\source\global debug\memorylock.obj
d:\lab_mu\cliente\source\global debug\winmain.sbr
d:\lab_mu\cliente\source\global debug\winmain.obj
d:\lab_mu\cliente\source\global debug\charinfoballoonmng.sbr
d:\lab_mu\cliente\source\global debug\charinfoballoonmng.obj
d:\lab_mu\cliente\source\global debug\csitemoption.sbr
d:\lab_mu\cliente\source\global debug\csitemoption.obj
d:\lab_mu\cliente\source\global debug\msgboxigsuseitemconfirm.sbr
d:\lab_mu\cliente\source\global debug\msgboxigsuseitemconfirm.obj
d:\lab_mu\cliente\source\global debug\gmdoppelganger2.sbr
d:\lab_mu\cliente\source\global debug\gmdoppelganger2.obj
d:\lab_mu\cliente\source\global debug\gmhellas.sbr
d:\lab_mu\cliente\source\global debug\gmhellas.obj
d:\lab_mu\cliente\source\global debug\newuicastlewindow.sbr
d:\lab_mu\cliente\source\global debug\newuicastlewindow.obj
d:\lab_mu\cliente\source\global debug\newuiduelwatchuserlistwindow.sbr
d:\lab_mu\cliente\source\global debug\newuiduelwatchuserlistwindow.obj
d:\lab_mu\cliente\source\global debug\newuiguildmakewindow.sbr
d:\lab_mu\cliente\source\global debug\newuiguildmakewindow.obj
d:\lab_mu\cliente\source\global debug\newuimyshopinventory.sbr
d:\lab_mu\cliente\source\global debug\newuimyshopinventory.obj
d:\lab_mu\cliente\source\global debug\newuiscrollbar.sbr
d:\lab_mu\cliente\source\global debug\newuiscrollbar.obj
d:\lab_mu\cliente\source\global debug\newuisiegewarbase.sbr
d:\lab_mu\cliente\source\global debug\newuisiegewarbase.obj
d:\lab_mu\cliente\source\global debug\protocolsend.sbr
d:\lab_mu\cliente\source\global debug\protocolsend.obj
d:\lab_mu\cliente\source\global debug\servergroup.sbr
d:\lab_mu\cliente\source\global debug\servergroup.obj
d:\lab_mu\cliente\source\global debug\serverselwin.sbr
d:\lab_mu\cliente\source\global debug\serverselwin.obj
d:\lab_mu\cliente\source\global debug\debugangel.sbr
d:\lab_mu\cliente\source\global debug\debugangel.obj
d:\lab_mu\cliente\source\global debug\errorreport.sbr
d:\lab_mu\cliente\source\global debug\errorreport.obj
d:\lab_mu\cliente\source\global debug\w_bufftimecontrol.sbr
d:\lab_mu\cliente\source\global debug\w_bufftimecontrol.obj
d:\lab_mu\cliente\source\global debug\zzzeffectnouse.sbr
d:\lab_mu\cliente\source\global debug\zzzeffectnouse.obj
d:\lab_mu\cliente\source\global debug\zzzinfomation.sbr
d:\lab_mu\cliente\source\global debug\zzzinfomation.obj
d:\lab_mu\cliente\source\global debug\charmakewin.sbr
d:\lab_mu\cliente\source\global debug\charmakewin.obj
d:\lab_mu\cliente\source\global debug\msgboxigssendgift.sbr
d:\lab_mu\cliente\source\global debug\msgboxigssendgift.obj
d:\lab_mu\cliente\source\global debug\gmempireguardian2.sbr
d:\lab_mu\cliente\source\global debug\gmempireguardian2.obj
d:\lab_mu\cliente\source\global debug\gmunitedmarketplace.sbr
d:\lab_mu\cliente\source\global debug\gmunitedmarketplace.obj
d:\lab_mu\cliente\source\global debug\goboid.sbr
d:\lab_mu\cliente\source\global debug\goboid.obj
d:\lab_mu\cliente\source\global debug\itemmanager.sbr
d:\lab_mu\cliente\source\global debug\itemmanager.obj
d:\lab_mu\cliente\source\global debug\loaddata.sbr
d:\lab_mu\cliente\source\global debug\loaddata.obj
d:\lab_mu\cliente\source\global debug\mapmanager.sbr
d:\lab_mu\cliente\source\global debug\mapmanager.obj
d:\lab_mu\cliente\source\global debug\newuicrywolf.sbr
d:\lab_mu\cliente\source\global debug\newuicrywolf.obj
d:\lab_mu\cliente\source\global debug\newuifriendwindow.sbr
d:\lab_mu\cliente\source\global debug\newuifriendwindow.obj
d:\lab_mu\cliente\source\global debug\newuikanturuevent.sbr
d:\lab_mu\cliente\source\global debug\newuikanturuevent.obj
d:\lab_mu\cliente\source\global debug\newuipetinfowindow.sbr
d:\lab_mu\cliente\source\global debug\newuipetinfowindow.obj
d:\lab_mu\cliente\source\global debug\newuitrade.sbr
d:\lab_mu\cliente\source\global debug\newuitrade.obj
d:\lab_mu\cliente\source\global debug\uiguildmaster.sbr
d:\lab_mu\cliente\source\global debug\uiguildmaster.obj
d:\lab_mu\cliente\source\global debug\w_petactiondemon.sbr
d:\lab_mu\cliente\source\global debug\w_petactiondemon.obj
d:\lab_mu\cliente\source\global debug\w_petactionstand.sbr
d:\lab_mu\cliente\source\global debug\w_petactionstand.obj
d:\lab_mu\cliente\source\global debug\w_petprocess.sbr
d:\lab_mu\cliente\source\global debug\w_petprocess.obj
d:\lab_mu\cliente\source\global debug\zzzeffectparticle.sbr
d:\lab_mu\cliente\source\global debug\zzzeffectparticle.obj
d:\lab_mu\cliente\source\global debug\zzzopenglutil.sbr
d:\lab_mu\cliente\source\global debug\zzzopenglutil.obj
d:\lab_mu\cliente\source\global debug\charselmainwin.sbr
d:\lab_mu\cliente\source\global debug\charselmainwin.obj
d:\lab_mu\cliente\source\global debug\callstackdmp.sbr
d:\lab_mu\cliente\source\global debug\callstackdmp.obj
d:\lab_mu\cliente\source\global debug\html_log.sbr
d:\lab_mu\cliente\source\global debug\html_log.obj
d:\lab_mu\cliente\source\global debug\sysinfo.sbr
d:\lab_mu\cliente\source\global debug\sysinfo.obj
d:\lab_mu\cliente\source\global debug\msgboxigsbuyselectitem.sbr
d:\lab_mu\cliente\source\global debug\msgboxigsbuyselectitem.obj
d:\lab_mu\cliente\source\global debug\stringmethod.sbr
d:\lab_mu\cliente\source\global debug\stringmethod.obj
d:\lab_mu\cliente\source\global debug\gmempireguardian1.sbr
d:\lab_mu\cliente\source\global debug\gmempireguardian1.obj
d:\lab_mu\cliente\source\global debug\gm_kanturu_2nd.sbr
d:\lab_mu\cliente\source\global debug\gm_kanturu_2nd.obj
d:\lab_mu\cliente\source\global debug\newuicatapultwindow.sbr
d:\lab_mu\cliente\source\global debug\newuicatapultwindow.obj
d:\lab_mu\cliente\source\global debug\newuiduelwatchwindow.sbr
d:\lab_mu\cliente\source\global debug\newuiduelwatchwindow.obj
d:\lab_mu\cliente\source\global debug\newuiheropositioninfo.sbr
d:\lab_mu\cliente\source\global debug\newuiheropositioninfo.obj
d:\lab_mu\cliente\source\global debug\newuinpcdialogue.sbr
d:\lab_mu\cliente\source\global debug\newuinpcdialogue.obj
d:\lab_mu\cliente\source\global debug\newuisiegewarcommander.sbr
d:\lab_mu\cliente\source\global debug\newuisiegewarcommander.obj
d:\lab_mu\cliente\source\global debug\protectsyskey.sbr
d:\lab_mu\cliente\source\global debug\protectsyskey.obj
d:\lab_mu\cliente\source\global debug\serverinfo.sbr
d:\lab_mu\cliente\source\global debug\serverinfo.obj
d:\lab_mu\cliente\source\global debug\servermsgwin.sbr
d:\lab_mu\cliente\source\global debug\servermsgwin.obj
d:\lab_mu\cliente\source\global debug\uidefaultbase.sbr
d:\lab_mu\cliente\source\global debug\uidefaultbase.obj
d:\lab_mu\cliente\source\global debug\uiguildinfo.sbr
d:\lab_mu\cliente\source\global debug\uiguildinfo.obj
d:\lab_mu\cliente\source\global debug\w_buff.sbr
d:\lab_mu\cliente\source\global debug\w_buff.obj
d:\lab_mu\cliente\source\global debug\w_cursedtemple.sbr
d:\lab_mu\cliente\source\global debug\w_cursedtemple.obj
d:\lab_mu\cliente\source\global debug\zzzscene.sbr
d:\lab_mu\cliente\source\global debug\zzzscene.obj
d:\lab_mu\cliente\source\global debug\button.sbr
d:\lab_mu\cliente\source\global debug\button.obj
d:\lab_mu\cliente\source\global debug\cswaterterrain.sbr
d:\lab_mu\cliente\source\global debug\cswaterterrain.obj
d:\lab_mu\cliente\source\global debug\dswaveio.sbr
d:\lab_mu\cliente\source\global debug\dswaveio.obj
d:\lab_mu\cliente\source\global debug\duelmgr.sbr
d:\lab_mu\cliente\source\global debug\duelmgr.obj
d:\lab_mu\cliente\source\global debug\ftpfiledownloader.sbr
d:\lab_mu\cliente\source\global debug\ftpfiledownloader.obj
d:\lab_mu\cliente\source\global debug\shopcategorylist.sbr
d:\lab_mu\cliente\source\global debug\shopcategorylist.obj
d:\lab_mu\cliente\source\global debug\shoppackage.sbr
d:\lab_mu\cliente\source\global debug\shoppackage.obj
d:\lab_mu\cliente\source\global debug\shopproductlist.sbr
d:\lab_mu\cliente\source\global debug\shopproductlist.obj
d:\lab_mu\cliente\source\global debug\gmduelarena.sbr
d:\lab_mu\cliente\source\global debug\gmduelarena.obj
d:\lab_mu\cliente\source\global debug\gmkarutan1.sbr
d:\lab_mu\cliente\source\global debug\gmkarutan1.obj
d:\lab_mu\cliente\source\global debug\gmswampofquiet.sbr
d:\lab_mu\cliente\source\global debug\gmswampofquiet.obj
d:\lab_mu\cliente\source\global debug\gm_raklion.sbr
d:\lab_mu\cliente\source\global debug\gm_raklion.obj
d:\lab_mu\cliente\source\global debug\keygenerater.sbr
d:\lab_mu\cliente\source\global debug\keygenerater.obj
d:\lab_mu\cliente\source\global debug\local.sbr
d:\lab_mu\cliente\source\global debug\local.obj
d:\lab_mu\cliente\source\global debug\loginmainwin.sbr
d:\lab_mu\cliente\source\global debug\loginmainwin.obj
d:\lab_mu\cliente\source\global debug\newuicommandwindow.sbr
d:\lab_mu\cliente\source\global debug\newuicommandwindow.obj
d:\lab_mu\cliente\source\global debug\newuiexchangeluckycoin.sbr
d:\lab_mu\cliente\source\global debug\newuiexchangeluckycoin.obj
d:\lab_mu\cliente\source\global debug\newuiitemmng.sbr
d:\lab_mu\cliente\source\global debug\newuiitemmng.obj
d:\lab_mu\cliente\source\global debug\newuiluckyitemwnd.sbr
d:\lab_mu\cliente\source\global debug\newuiluckyitemwnd.obj
d:\lab_mu\cliente\source\global debug\newuimainframewindow.sbr
d:\lab_mu\cliente\source\global debug\newuimainframewindow.obj
d:\lab_mu\cliente\source\global debug\newuipurchaseshopinventory.sbr
d:\lab_mu\cliente\source\global debug\newuipurchaseshopinventory.obj
d:\lab_mu\cliente\source\global debug\newuiwindowmenu.sbr
d:\lab_mu\cliente\source\global debug\newuiwindowmenu.obj
d:\lab_mu\cliente\source\global debug\uimapname.sbr
d:\lab_mu\cliente\source\global debug\uimapname.obj
d:\lab_mu\cliente\source\global debug\muconsoledebug.sbr
d:\lab_mu\cliente\source\global debug\muconsoledebug.obj
d:\lab_mu\cliente\source\global debug\w_petactioncollecter.sbr
d:\lab_mu\cliente\source\global debug\w_petactioncollecter.obj
d:\lab_mu\cliente\source\global debug\zzztexture.sbr
d:\lab_mu\cliente\source\global debug\zzztexture.obj
d:\lab_mu\cliente\source\global debug\wzresult.sbr
d:\lab_mu\cliente\source\global debug\wzresult.obj
d:\lab_mu\cliente\source\global debug\resource.res
d:\lab_mu\cliente\global debug\main.pdb
d:\lab_mu\cliente\source\global debug\main.vcxproj.filelistabsolute.txt
d:\lab_mu\cliente\source\global debug\main.tlog\cl.command.1.tlog
d:\lab_mu\cliente\source\global debug\main.tlog\cl.read.1.tlog
d:\lab_mu\cliente\source\global debug\main.tlog\cl.write.1.tlog
d:\lab_mu\cliente\source\global debug\main.tlog\link-cvtres.read.1.tlog
d:\lab_mu\cliente\source\global debug\main.tlog\link-cvtres.write.1.tlog
d:\lab_mu\cliente\source\global debug\main.tlog\link-rc.read.1.tlog
d:\lab_mu\cliente\source\global debug\main.tlog\link-rc.write.1.tlog
d:\lab_mu\cliente\source\global debug\main.tlog\link.command.1.tlog
d:\lab_mu\cliente\source\global debug\main.tlog\link.read.1.tlog
d:\lab_mu\cliente\source\global debug\main.tlog\link.write.1.tlog
d:\lab_mu\cliente\source\global debug\main.tlog\rc.command.1.tlog
d:\lab_mu\cliente\source\global debug\main.tlog\rc.read.1.tlog
d:\lab_mu\cliente\source\global debug\main.tlog\rc.write.1.tlog
