c:\rebirth\main\source\global release\main.pch
c:\rebirth\main\source\global release\vc143.pdb
c:\rebirth\main\source\global release\stdafx.obj
c:\rebirth\main\source\global release\cseventmatch.obj
c:\rebirth\main\source\global release\cschaoscastle.obj
c:\rebirth\main\source\global release\creditwin.obj
c:\rebirth\main\source\global release\creditinfo.obj
c:\rebirth\main\source\global release\cmvp1stdirection.obj
c:\rebirth\main\source\global release\ckanturudirection.obj
c:\rebirth\main\source\global release\charselmainwin.obj
c:\rebirth\main\source\global release\charmakewin.obj
c:\rebirth\main\source\global release\charinfoballoonmng.obj
c:\rebirth\main\source\global release\charinfoballoon.obj
c:\rebirth\main\source\global release\charactermanager.obj
c:\rebirth\main\source\global release\changeringmanager.obj
c:\rebirth\main\source\global release\cdirection.obj
c:\rebirth\main\source\global release\ccomgem.obj
c:\rebirth\main\source\global release\cbtmessagebox.obj
c:\rebirth\main\source\global release\cameramove.obj
c:\rebirth\main\source\global release\button.obj
c:\rebirth\main\source\global release\builder.obj
c:\rebirth\main\source\global release\bonemanager.obj
c:\rebirth\main\source\global release\blackwin.obj
c:\rebirth\main\source\global release\xortrans.obj
c:\rebirth\main\source\global release\sysinfo.obj
c:\rebirth\main\source\global release\stdleaf.obj
c:\rebirth\main\source\global release\peimage.obj
c:\rebirth\main\source\global release\html_log.obj
c:\rebirth\main\source\global release\exceptionhandler.obj
c:\rebirth\main\source\global release\checkintegrity.obj
c:\rebirth\main\source\global release\callstackdmp.obj
c:\rebirth\main\source\global release\explanationinfo.obj
c:\rebirth\main\source\global release\event.obj
c:\rebirth\main\source\global release\duelmgr.obj
c:\rebirth\main\source\global release\dswaveio.obj
c:\rebirth\main\source\global release\dsplaysound.obj
c:\rebirth\main\source\global release\dialoginfo.obj
c:\rebirth\main\source\global release\cswaterterrain.obj
c:\rebirth\main\source\global release\csquest.obj
c:\rebirth\main\source\global release\cspetsystem.obj
c:\rebirth\main\source\global release\csparts.obj
c:\rebirth\main\source\global release\csmapserver.obj
c:\rebirth\main\source\global release\csitemoption.obj
c:\rebirth\main\source\global release\msgboxigsusebuffconfirm.obj
c:\rebirth\main\source\global release\msgboxigsstorageiteminfo.obj
c:\rebirth\main\source\global release\msgboxigssendgiftconfirm.obj
c:\rebirth\main\source\global release\msgboxigssendgift.obj
c:\rebirth\main\source\global release\msgboxigsgiftstorageiteminfo.obj
c:\rebirth\main\source\global release\msgboxigsdeleteitemconfirm.obj
c:\rebirth\main\source\global release\msgboxigscommon.obj
c:\rebirth\main\source\global release\msgboxigsbuyselectitem.obj
c:\rebirth\main\source\global release\msgboxigsbuypackageitem.obj
c:\rebirth\main\source\global release\msgboxigsbuyconfirm.obj
c:\rebirth\main\source\global release\ingameshopsystem.obj
c:\rebirth\main\source\global release\httpconnecter.obj
c:\rebirth\main\source\global release\ftpconnecter.obj
c:\rebirth\main\source\global release\filedownloader.obj
c:\rebirth\main\source\global release\downloadinfo.obj
c:\rebirth\main\source\global release\gamecensorship.obj
c:\rebirth\main\source\global release\gamblesystem.obj
c:\rebirth\main\source\global release\filternameinfo.obj
c:\rebirth\main\source\global release\filterinfo.obj
c:\rebirth\main\source\global release\xstreambuf.obj
c:\rebirth\main\source\global release\gaugebar.obj
c:\rebirth\main\source\global release\stringtoken.obj
c:\rebirth\main\source\global release\stringmethod.obj
c:\rebirth\main\source\global release\shopproductlist.obj
c:\rebirth\main\source\global release\shopproduct.obj
c:\rebirth\main\source\global release\shoppackagelist.obj
c:\rebirth\main\source\global release\shoppackage.obj
c:\rebirth\main\source\global release\shoplistmanager.obj
c:\rebirth\main\source\global release\shoplist.obj
c:\rebirth\main\source\global release\shopcategorylist.obj
c:\rebirth\main\source\global release\shopcategory.obj
c:\rebirth\main\source\global release\listmanager.obj
c:\rebirth\main\source\global release\wzresult.obj
c:\rebirth\main\source\global release\path.obj
c:\rebirth\main\source\global release\ftpfiledownloader.obj
c:\rebirth\main\source\global release\bannerlistmanager.obj
c:\rebirth\main\source\global release\bannerinfolist.obj
c:\rebirth\main\source\global release\bannerinfo.obj
c:\rebirth\main\source\global release\newuiingameshop.obj
c:\rebirth\main\source\global release\msgboxigsuseitemconfirm.obj
c:\rebirth\main\source\global release\gmnewtown.obj
c:\rebirth\main\source\global release\gmkarutan1.obj
c:\rebirth\main\source\global release\gmhuntingground.obj
c:\rebirth\main\source\global release\gmhellas.obj
c:\rebirth\main\source\global release\gmempireguardian4.obj
c:\rebirth\main\source\global release\gmempireguardian3.obj
c:\rebirth\main\source\global release\gmempireguardian2.obj
c:\rebirth\main\source\global release\gmempireguardian1.obj
c:\rebirth\main\source\global release\gmduelarena.obj
c:\rebirth\main\source\global release\gmdoppelganger4.obj
c:\rebirth\main\source\global release\gmdoppelganger3.obj
c:\rebirth\main\source\global release\gmdoppelganger2.obj
c:\rebirth\main\source\global release\gmdoppelganger1.obj
c:\rebirth\main\source\global release\gmcrywolf1st.obj
c:\rebirth\main\source\global release\gmcryingwolf2nd.obj
c:\rebirth\main\source\global release\gmbattlecastle.obj
c:\rebirth\main\source\global release\gmaida.obj
c:\rebirth\main\source\global release\gm3rdchangeup.obj
c:\rebirth\main\source\global release\globalbitmap.obj
c:\rebirth\main\source\global release\gipetmanager.obj
c:\rebirth\main\source\global release\loginmainwin.obj
c:\rebirth\main\source\global release\local.obj
c:\rebirth\main\source\global release\loadingscene.obj
c:\rebirth\main\source\global release\loaddata.obj
c:\rebirth\main\source\global release\keygenerater.obj
c:\rebirth\main\source\global release\itemmanager.obj
c:\rebirth\main\source\global release\iteminfo.obj
c:\rebirth\main\source\global release\itemaddoptioninfo.obj
c:\rebirth\main\source\global release\input.obj
c:\rebirth\main\source\global release\guildmanager.obj
c:\rebirth\main\source\global release\guildcache.obj
c:\rebirth\main\source\global release\goboid.obj
c:\rebirth\main\source\global release\gm_raklion.obj
c:\rebirth\main\source\global release\gm_pk_field.obj
c:\rebirth\main\source\global release\gm_kanturu_3rd.obj
c:\rebirth\main\source\global release\gm_kanturu_2nd.obj
c:\rebirth\main\source\global release\gm_kanturu_1st.obj
c:\rebirth\main\source\global release\gmunitedmarketplace.obj
c:\rebirth\main\source\global release\gmswampofquiet.obj
c:\rebirth\main\source\global release\gmsantatown.obj
c:\rebirth\main\source\global release\newuicastlewindow.obj
c:\rebirth\main\source\global release\newuibutton.obj
c:\rebirth\main\source\global release\newuibuffwindow.obj
c:\rebirth\main\source\global release\newuibloodcastletime.obj
c:\rebirth\main\source\global release\newuibloodcastleenter.obj
c:\rebirth\main\source\global release\newuibattlesoccerscore.obj
c:\rebirth\main\source\global release\newui3drendermng.obj
c:\rebirth\main\source\global release\newchaoscastlesystem.obj
c:\rebirth\main\source\global release\newbloodcastlesystem.obj
c:\rebirth\main\source\global release\multilanguage.obj
c:\rebirth\main\source\global release\msgwin.obj
c:\rebirth\main\source\global release\moviescene.obj
c:\rebirth\main\source\global release\movereqinfo.obj
c:\rebirth\main\source\global release\movecommanddata.obj
c:\rebirth\main\source\global release\monksystem.obj
c:\rebirth\main\source\global release\mixmgr.obj
c:\rebirth\main\source\global release\zzzmathlib.obj
c:\rebirth\main\source\global release\matchevent.obj
c:\rebirth\main\source\global release\mapmanager.obj
c:\rebirth\main\source\global release\loginwin.obj
c:\rebirth\main\source\global release\newuiempireguardiannpc.obj
c:\rebirth\main\source\global release\newuiduelwindow.obj
c:\rebirth\main\source\global release\newuiduelwatchwindow.obj
c:\rebirth\main\source\global release\newuiduelwatchuserlistwindow.obj
c:\rebirth\main\source\global release\newuiduelwatchmainframewindow.obj
c:\rebirth\main\source\global release\newuidoppelgangerwindow.obj
c:\rebirth\main\source\global release\newuidoppelgangerframe.obj
c:\rebirth\main\source\global release\newuicustommessagebox.obj
c:\rebirth\main\source\global release\newuicursedtemplesystem.obj
c:\rebirth\main\source\global release\newuicursedtempleresult.obj
c:\rebirth\main\source\global release\newuicursedtempleenter.obj
c:\rebirth\main\source\global release\newuicrywolf.obj
c:\rebirth\main\source\global release\newuicommonmessagebox.obj
c:\rebirth\main\source\global release\newuicommon.obj
c:\rebirth\main\source\global release\newuicommandwindow.obj
c:\rebirth\main\source\global release\newuichatlogwindow.obj
c:\rebirth\main\source\global release\newuichatinputbox.obj
c:\rebirth\main\source\global release\newuicharacterinfowindow.obj
c:\rebirth\main\source\global release\newuichaoscastletime.obj
c:\rebirth\main\source\global release\newuicatapultwindow.obj
c:\rebirth\main\source\global release\newuiitemmng.obj
c:\rebirth\main\source\global release\newuiitemexplanationwindow.obj
c:\rebirth\main\source\global release\newuiitemenduranceinfo.obj
c:\rebirth\main\source\global release\newuiinventoryctrl.obj
c:\rebirth\main\source\global release\newuihotkey.obj
c:\rebirth\main\source\global release\newuiheropositioninfo.obj
c:\rebirth\main\source\global release\newuihelpwindow.obj
c:\rebirth\main\source\global release\newuiguildmakewindow.obj
c:\rebirth\main\source\global release\newuiguildinfowindow.obj
c:\rebirth\main\source\global release\newuiguardwindow.obj
c:\rebirth\main\source\global release\newuigroup.obj
c:\rebirth\main\source\global release\newuigoldbowmanwindow.obj
c:\rebirth\main\source\global release\newuigoldbowmanlena.obj
c:\rebirth\main\source\global release\newuigensranking.obj
c:\rebirth\main\source\global release\newuigateswitchwindow.obj
c:\rebirth\main\source\global release\newuigatemanwindow.obj
c:\rebirth\main\source\global release\newuifriendwindow.obj
c:\rebirth\main\source\global release\newuiexchangeluckycoin.obj
c:\rebirth\main\source\global release\newuienterdevilsquare.obj
c:\rebirth\main\source\global release\newuiempireguardiantimer.obj
c:\rebirth\main\source\global release\newuipartylistwindow.obj
c:\rebirth\main\source\global release\newuipartyinfowindow.obj
c:\rebirth\main\source\global release\newuioptionwindow.obj
c:\rebirth\main\source\global release\newuinpcshop.obj
c:\rebirth\main\source\global release\newuinpcquest.obj
c:\rebirth\main\source\global release\newuinpcdialogue.obj
c:\rebirth\main\source\global release\newuinamewindow.obj
c:\rebirth\main\source\global release\newuimyshopinventory.obj
c:\rebirth\main\source\global release\newuimyquestinfowindow.obj
c:\rebirth\main\source\global release\newuimyinventory.obj
c:\rebirth\main\source\global release\newuimuhelper.obj
c:\rebirth\main\source\global release\newuimovecommandwindow.obj
c:\rebirth\main\source\global release\newuimixinventory.obj
c:\rebirth\main\source\global release\newuiminimap.obj
c:\rebirth\main\source\global release\newuimessagebox.obj
c:\rebirth\main\source\global release\newuimasterlevel.obj
c:\rebirth\main\source\global release\newuimanager.obj
c:\rebirth\main\source\global release\newuimainframewindow.obj
c:\rebirth\main\source\global release\newuiluckyitemwnd.obj
c:\rebirth\main\source\global release\newuikanturuevent.obj
c:\rebirth\main\source\global release\newuiunitedmarketplacewindow.obj
c:\rebirth\main\source\global release\newuitrade.obj
c:\rebirth\main\source\global release\newuitextbox.obj
c:\rebirth\main\source\global release\newuisystem.obj
c:\rebirth\main\source\global release\newuistorageinventory.obj
c:\rebirth\main\source\global release\newuislidewindow.obj
c:\rebirth\main\source\global release\newuisiegewarsoldier.obj
c:\rebirth\main\source\global release\newuisiegewarobserver.obj
c:\rebirth\main\source\global release\newuisiegewarcommander.obj
c:\rebirth\main\source\global release\newuisiegewarbase.obj
c:\rebirth\main\source\global release\newuisetitemexplanation.obj
c:\rebirth\main\source\global release\newuiseigewarfare.obj
c:\rebirth\main\source\global release\newuiscrollbar.obj
c:\rebirth\main\source\global release\newuirendernumber.obj
c:\rebirth\main\source\global release\newuiregistrationluckycoin.obj
c:\rebirth\main\source\global release\newuiquickcommandwindow.obj
c:\rebirth\main\source\global release\newuiquestprogressbyetc.obj
c:\rebirth\main\source\global release\newuiquestprogress.obj
c:\rebirth\main\source\global release\newuipurchaseshopinventory.obj
c:\rebirth\main\source\global release\newuipetinfowindow.obj
c:\rebirth\main\source\global release\serverselwin.obj
c:\rebirth\main\source\global release\servermsgwin.obj
c:\rebirth\main\source\global release\serverlistmanager.obj
c:\rebirth\main\source\global release\serverinfo.obj
c:\rebirth\main\source\global release\servergroup.obj
c:\rebirth\main\source\global release\questmng.obj
c:\rebirth\main\source\global release\questinfo.obj
c:\rebirth\main\source\global release\protocolsend.obj
c:\rebirth\main\source\global release\protectsyskey.obj
c:\rebirth\main\source\global release\portalmgr.obj
c:\rebirth\main\source\global release\plist.obj
c:\rebirth\main\source\global release\physicsmanager.obj
c:\rebirth\main\source\global release\personalshoptitleimp.obj
c:\rebirth\main\source\global release\partymanager.obj
c:\rebirth\main\source\global release\optionwin.obj
c:\rebirth\main\source\global release\observer.obj
c:\rebirth\main\source\global release\npcgateswitch.obj
c:\rebirth\main\source\global release\npccatapult.obj
c:\rebirth\main\source\global release\npcbreeder.obj
c:\rebirth\main\source\global release\newuiwindowmenu.obj
c:\rebirth\main\source\global release\uigatekeeper.obj
c:\rebirth\main\source\global release\uidefaultbase.obj
c:\rebirth\main\source\global release\uicontrols.obj
c:\rebirth\main\source\global release\timer.obj
c:\rebirth\main\source\global release\ctimcheck.obj
c:\rebirth\main\source\global release\texturescript.obj
c:\rebirth\main\source\global release\testeventmap.obj
c:\rebirth\main\source\global release\sysmenuwin.obj
c:\rebirth\main\source\global release\summonsystem.obj
c:\rebirth\main\source\global release\sprite.obj
c:\rebirth\main\source\global release\socketsystem.obj
c:\rebirth\main\source\global release\smd2bmd.obj
c:\rebirth\main\source\global release\smd.obj
c:\rebirth\main\source\global release\slider.obj
c:\rebirth\main\source\global release\slideinfo.obj
c:\rebirth\main\source\global release\skillmanager.obj
c:\rebirth\main\source\global release\skillinfo.obj
c:\rebirth\main\source\global release\skilleffectmgr.obj
c:\rebirth\main\source\global release\sidehair.obj
c:\rebirth\main\source\global release\shadowvolume.obj
c:\rebirth\main\source\global release\wsctlc.obj
c:\rebirth\main\source\global release\winmain.obj
c:\rebirth\main\source\global release\winex.obj
c:\rebirth\main\source\global release\win.obj
c:\rebirth\main\source\global release\memorylock.obj
c:\rebirth\main\source\global release\windowsconsole.obj
c:\rebirth\main\source\global release\muconsoledebug.obj
c:\rebirth\main\source\global release\errorreport.obj
c:\rebirth\main\source\global release\debugangel.obj
c:\rebirth\main\source\global release\usefuldef.obj
c:\rebirth\main\source\global release\uiwindows.obj
c:\rebirth\main\source\global release\uisenatus.obj
c:\rebirth\main\source\global release\uipopup.obj
c:\rebirth\main\source\global release\uimng.obj
c:\rebirth\main\source\global release\uimapname.obj
c:\rebirth\main\source\global release\uimanager.obj
c:\rebirth\main\source\global release\uijewelharmony.obj
c:\rebirth\main\source\global release\uiguildmaster.obj
c:\rebirth\main\source\global release\uiguildinfo.obj
c:\rebirth\main\source\global release\uiguardsman.obj
c:\rebirth\main\source\global release\zzzcharacter.obj
c:\rebirth\main\source\global release\zzzbmd.obj
c:\rebirth\main\source\global release\zzzai.obj
c:\rebirth\main\source\global release\w_petprocess.obj
c:\rebirth\main\source\global release\w_petactionunicorn.obj
c:\rebirth\main\source\global release\w_petactionstand.obj
c:\rebirth\main\source\global release\w_petactionround.obj
c:\rebirth\main\source\global release\w_petactiondemon.obj
c:\rebirth\main\source\global release\w_petactioncollecter_add.obj
c:\rebirth\main\source\global release\w_petactioncollecter.obj
c:\rebirth\main\source\global release\w_objectinfo.obj
c:\rebirth\main\source\global release\w_mapprocess.obj
c:\rebirth\main\source\global release\w_cursedtemple.obj
c:\rebirth\main\source\global release\w_characterinfo.obj
c:\rebirth\main\source\global release\w_bufftimecontrol.obj
c:\rebirth\main\source\global release\w_buffstatevaluecontrol.obj
c:\rebirth\main\source\global release\w_buffstatesystem.obj
c:\rebirth\main\source\global release\w_buffscriptloader.obj
c:\rebirth\main\source\global release\w_buff.obj
c:\rebirth\main\source\global release\w_basepet.obj
c:\rebirth\main\source\global release\_globalfunctions.obj
c:\rebirth\main\source\global release\zzztexture.obj
c:\rebirth\main\source\global release\zzzpath.obj
c:\rebirth\main\source\global release\zzzopenglutil.obj
c:\rebirth\main\source\global release\zzzopendata.obj
c:\rebirth\main\source\global release\zzzobject.obj
c:\rebirth\main\source\global release\zzzmixinvetory.obj
c:\rebirth\main\source\global release\zzzlodterrain.obj
c:\rebirth\main\source\global release\zzzinfomation.obj
c:\rebirth\main\source\global release\zzzeffectsprite.obj
c:\rebirth\main\source\global release\zzzeffectpointer.obj
c:\rebirth\main\source\global release\zzzeffectpoint.obj
c:\rebirth\main\source\global release\zzzeffectparticle.obj
c:\rebirth\main\source\global release\zzzeffectnouse.obj
c:\rebirth\main\source\global release\zzzeffectmagicskill.obj
c:\rebirth\main\source\global release\zzzeffectjoint.obj
c:\rebirth\main\source\global release\zzzeffectfireleave.obj
c:\rebirth\main\source\global release\zzzeffectblurspark.obj
c:\rebirth\main\source\global release\zzzscene.obj
c:\rebirth\main\source\global release\zzzinventory.obj
c:\rebirth\main\source\global release\zzzinterface.obj
c:\rebirth\main\source\global release\zzzeffect.obj
c:\rebirth\main\source\global release\wsclient.obj
d:\lab_mu\cliente\source\global release\main.pch
d:\lab_mu\cliente\source\global release\vc143.pdb
d:\lab_mu\cliente\source\global release\stdafx.obj
d:\lab_mu\cliente\source\global release\cseventmatch.obj
d:\lab_mu\cliente\source\global release\cschaoscastle.obj
d:\lab_mu\cliente\source\global release\creditwin.obj
d:\lab_mu\cliente\source\global release\creditinfo.obj
d:\lab_mu\cliente\source\global release\cmvp1stdirection.obj
d:\lab_mu\cliente\source\global release\ckanturudirection.obj
d:\lab_mu\cliente\source\global release\charselmainwin.obj
d:\lab_mu\cliente\source\global release\charmakewin.obj
d:\lab_mu\cliente\source\global release\charinfoballoonmng.obj
d:\lab_mu\cliente\source\global release\charinfoballoon.obj
d:\lab_mu\cliente\source\global release\charactermanager.obj
d:\lab_mu\cliente\source\global release\changeringmanager.obj
d:\lab_mu\cliente\source\global release\cdirection.obj
d:\lab_mu\cliente\source\global release\ccomgem.obj
d:\lab_mu\cliente\source\global release\cbtmessagebox.obj
d:\lab_mu\cliente\source\global release\cameramove.obj
d:\lab_mu\cliente\source\global release\button.obj
d:\lab_mu\cliente\source\global release\builder.obj
d:\lab_mu\cliente\source\global release\bonemanager.obj
d:\lab_mu\cliente\source\global release\blackwin.obj
d:\lab_mu\cliente\source\global release\xortrans.obj
d:\lab_mu\cliente\source\global release\sysinfo.obj
d:\lab_mu\cliente\source\global release\stdleaf.obj
d:\lab_mu\cliente\source\global release\peimage.obj
d:\lab_mu\cliente\source\global release\html_log.obj
d:\lab_mu\cliente\source\global release\exceptionhandler.obj
d:\lab_mu\cliente\source\global release\checkintegrity.obj
d:\lab_mu\cliente\source\global release\callstackdmp.obj
d:\lab_mu\cliente\source\global release\explanationinfo.obj
d:\lab_mu\cliente\source\global release\event.obj
d:\lab_mu\cliente\source\global release\duelmgr.obj
d:\lab_mu\cliente\source\global release\dswaveio.obj
d:\lab_mu\cliente\source\global release\dsplaysound.obj
d:\lab_mu\cliente\source\global release\dialoginfo.obj
d:\lab_mu\cliente\source\global release\cswaterterrain.obj
d:\lab_mu\cliente\source\global release\csquest.obj
d:\lab_mu\cliente\source\global release\cspetsystem.obj
d:\lab_mu\cliente\source\global release\csparts.obj
d:\lab_mu\cliente\source\global release\csmapserver.obj
d:\lab_mu\cliente\source\global release\csitemoption.obj
d:\lab_mu\cliente\source\global release\msgboxigsusebuffconfirm.obj
d:\lab_mu\cliente\source\global release\msgboxigsstorageiteminfo.obj
d:\lab_mu\cliente\source\global release\msgboxigssendgiftconfirm.obj
d:\lab_mu\cliente\source\global release\msgboxigssendgift.obj
d:\lab_mu\cliente\source\global release\msgboxigsgiftstorageiteminfo.obj
d:\lab_mu\cliente\source\global release\msgboxigsdeleteitemconfirm.obj
d:\lab_mu\cliente\source\global release\msgboxigscommon.obj
d:\lab_mu\cliente\source\global release\msgboxigsbuyselectitem.obj
d:\lab_mu\cliente\source\global release\msgboxigsbuypackageitem.obj
d:\lab_mu\cliente\source\global release\msgboxigsbuyconfirm.obj
d:\lab_mu\cliente\source\global release\ingameshopsystem.obj
d:\lab_mu\cliente\source\global release\httpconnecter.obj
d:\lab_mu\cliente\source\global release\ftpconnecter.obj
d:\lab_mu\cliente\source\global release\filedownloader.obj
d:\lab_mu\cliente\source\global release\downloadinfo.obj
d:\lab_mu\cliente\source\global release\gamecensorship.obj
d:\lab_mu\cliente\source\global release\gamblesystem.obj
d:\lab_mu\cliente\source\global release\filternameinfo.obj
d:\lab_mu\cliente\source\global release\filterinfo.obj
d:\lab_mu\cliente\source\global release\xstreambuf.obj
d:\lab_mu\cliente\source\global release\gaugebar.obj
d:\lab_mu\cliente\source\global release\stringtoken.obj
d:\lab_mu\cliente\source\global release\stringmethod.obj
d:\lab_mu\cliente\source\global release\shopproductlist.obj
d:\lab_mu\cliente\source\global release\shopproduct.obj
d:\lab_mu\cliente\source\global release\shoppackagelist.obj
d:\lab_mu\cliente\source\global release\shoppackage.obj
d:\lab_mu\cliente\source\global release\shoplistmanager.obj
d:\lab_mu\cliente\source\global release\shoplist.obj
d:\lab_mu\cliente\source\global release\shopcategorylist.obj
d:\lab_mu\cliente\source\global release\shopcategory.obj
d:\lab_mu\cliente\source\global release\listmanager.obj
d:\lab_mu\cliente\source\global release\wzresult.obj
d:\lab_mu\cliente\source\global release\path.obj
d:\lab_mu\cliente\source\global release\ftpfiledownloader.obj
d:\lab_mu\cliente\source\global release\bannerlistmanager.obj
d:\lab_mu\cliente\source\global release\bannerinfolist.obj
d:\lab_mu\cliente\source\global release\bannerinfo.obj
d:\lab_mu\cliente\source\global release\newuiingameshop.obj
d:\lab_mu\cliente\source\global release\msgboxigsuseitemconfirm.obj
d:\lab_mu\cliente\source\global release\gmnewtown.obj
d:\lab_mu\cliente\source\global release\gmkarutan1.obj
d:\lab_mu\cliente\source\global release\gmhuntingground.obj
d:\lab_mu\cliente\source\global release\gmhellas.obj
d:\lab_mu\cliente\source\global release\gmempireguardian4.obj
d:\lab_mu\cliente\source\global release\gmempireguardian3.obj
d:\lab_mu\cliente\source\global release\gmempireguardian2.obj
d:\lab_mu\cliente\source\global release\gmempireguardian1.obj
d:\lab_mu\cliente\source\global release\gmduelarena.obj
d:\lab_mu\cliente\source\global release\gmdoppelganger4.obj
d:\lab_mu\cliente\source\global release\gmdoppelganger3.obj
d:\lab_mu\cliente\source\global release\gmdoppelganger2.obj
d:\lab_mu\cliente\source\global release\gmdoppelganger1.obj
d:\lab_mu\cliente\source\global release\gmcrywolf1st.obj
d:\lab_mu\cliente\source\global release\gmcryingwolf2nd.obj
d:\lab_mu\cliente\source\global release\gmbattlecastle.obj
d:\lab_mu\cliente\source\global release\gmaida.obj
d:\lab_mu\cliente\source\global release\gm3rdchangeup.obj
d:\lab_mu\cliente\source\global release\globalbitmap.obj
d:\lab_mu\cliente\source\global release\gipetmanager.obj
d:\lab_mu\cliente\source\global release\loginmainwin.obj
d:\lab_mu\cliente\source\global release\local.obj
d:\lab_mu\cliente\source\global release\loadingscene.obj
d:\lab_mu\cliente\source\global release\loaddata.obj
d:\lab_mu\cliente\source\global release\keygenerater.obj
d:\lab_mu\cliente\source\global release\itemmanager.obj
d:\lab_mu\cliente\source\global release\iteminfo.obj
d:\lab_mu\cliente\source\global release\itemaddoptioninfo.obj
d:\lab_mu\cliente\source\global release\input.obj
d:\lab_mu\cliente\source\global release\guildmanager.obj
d:\lab_mu\cliente\source\global release\guildcache.obj
d:\lab_mu\cliente\source\global release\goboid.obj
d:\lab_mu\cliente\source\global release\gm_raklion.obj
d:\lab_mu\cliente\source\global release\gm_pk_field.obj
d:\lab_mu\cliente\source\global release\gm_kanturu_3rd.obj
d:\lab_mu\cliente\source\global release\gm_kanturu_2nd.obj
d:\lab_mu\cliente\source\global release\gm_kanturu_1st.obj
d:\lab_mu\cliente\source\global release\gmunitedmarketplace.obj
d:\lab_mu\cliente\source\global release\gmswampofquiet.obj
d:\lab_mu\cliente\source\global release\gmsantatown.obj
d:\lab_mu\cliente\source\global release\newuicastlewindow.obj
d:\lab_mu\cliente\source\global release\newuibutton.obj
d:\lab_mu\cliente\source\global release\newuibuffwindow.obj
d:\lab_mu\cliente\source\global release\newuibloodcastletime.obj
d:\lab_mu\cliente\source\global release\newuibloodcastleenter.obj
d:\lab_mu\cliente\source\global release\newuibattlesoccerscore.obj
d:\lab_mu\cliente\source\global release\newui3drendermng.obj
d:\lab_mu\cliente\source\global release\newchaoscastlesystem.obj
d:\lab_mu\cliente\source\global release\newbloodcastlesystem.obj
d:\lab_mu\cliente\source\global release\multilanguage.obj
d:\lab_mu\cliente\source\global release\msgwin.obj
d:\lab_mu\cliente\source\global release\moviescene.obj
d:\lab_mu\cliente\source\global release\movereqinfo.obj
d:\lab_mu\cliente\source\global release\movecommanddata.obj
d:\lab_mu\cliente\source\global release\monksystem.obj
d:\lab_mu\cliente\source\global release\mixmgr.obj
d:\lab_mu\cliente\source\global release\zzzmathlib.obj
d:\lab_mu\cliente\source\global release\matchevent.obj
d:\lab_mu\cliente\source\global release\mapmanager.obj
d:\lab_mu\cliente\source\global release\loginwin.obj
d:\lab_mu\cliente\source\global release\newuiempireguardiannpc.obj
d:\lab_mu\cliente\source\global release\newuiduelwindow.obj
d:\lab_mu\cliente\source\global release\newuiduelwatchwindow.obj
d:\lab_mu\cliente\source\global release\newuiduelwatchuserlistwindow.obj
d:\lab_mu\cliente\source\global release\newuiduelwatchmainframewindow.obj
d:\lab_mu\cliente\source\global release\newuidoppelgangerwindow.obj
d:\lab_mu\cliente\source\global release\newuidoppelgangerframe.obj
d:\lab_mu\cliente\source\global release\newuicustommessagebox.obj
d:\lab_mu\cliente\source\global release\newuicursedtemplesystem.obj
d:\lab_mu\cliente\source\global release\newuicursedtempleresult.obj
d:\lab_mu\cliente\source\global release\newuicursedtempleenter.obj
d:\lab_mu\cliente\source\global release\newuicrywolf.obj
d:\lab_mu\cliente\source\global release\newuicommonmessagebox.obj
d:\lab_mu\cliente\source\global release\newuicommon.obj
d:\lab_mu\cliente\source\global release\newuicommandwindow.obj
d:\lab_mu\cliente\source\global release\newuichatlogwindow.obj
d:\lab_mu\cliente\source\global release\newuichatinputbox.obj
d:\lab_mu\cliente\source\global release\newuicharacterinfowindow.obj
d:\lab_mu\cliente\source\global release\newuichaoscastletime.obj
d:\lab_mu\cliente\source\global release\newuicatapultwindow.obj
d:\lab_mu\cliente\source\global release\newuiitemmng.obj
d:\lab_mu\cliente\source\global release\newuiitemexplanationwindow.obj
d:\lab_mu\cliente\source\global release\newuiitemenduranceinfo.obj
d:\lab_mu\cliente\source\global release\newuiinventoryctrl.obj
d:\lab_mu\cliente\source\global release\newuihotkey.obj
d:\lab_mu\cliente\source\global release\newuiheropositioninfo.obj
d:\lab_mu\cliente\source\global release\newuihelpwindow.obj
d:\lab_mu\cliente\source\global release\newuiguildmakewindow.obj
d:\lab_mu\cliente\source\global release\newuiguildinfowindow.obj
d:\lab_mu\cliente\source\global release\newuiguardwindow.obj
d:\lab_mu\cliente\source\global release\newuigroup.obj
d:\lab_mu\cliente\source\global release\newuigoldbowmanwindow.obj
d:\lab_mu\cliente\source\global release\newuigoldbowmanlena.obj
d:\lab_mu\cliente\source\global release\newuigensranking.obj
d:\lab_mu\cliente\source\global release\newuigateswitchwindow.obj
d:\lab_mu\cliente\source\global release\newuigatemanwindow.obj
d:\lab_mu\cliente\source\global release\newuifriendwindow.obj
d:\lab_mu\cliente\source\global release\newuiexchangeluckycoin.obj
d:\lab_mu\cliente\source\global release\newuienterdevilsquare.obj
d:\lab_mu\cliente\source\global release\newuiempireguardiantimer.obj
d:\lab_mu\cliente\source\global release\newuipartylistwindow.obj
d:\lab_mu\cliente\source\global release\newuipartyinfowindow.obj
d:\lab_mu\cliente\source\global release\newuioptionwindow.obj
d:\lab_mu\cliente\source\global release\newuinpcshop.obj
d:\lab_mu\cliente\source\global release\newuinpcquest.obj
d:\lab_mu\cliente\source\global release\newuinpcdialogue.obj
d:\lab_mu\cliente\source\global release\newuinamewindow.obj
d:\lab_mu\cliente\source\global release\newuimyshopinventory.obj
d:\lab_mu\cliente\source\global release\newuimyquestinfowindow.obj
d:\lab_mu\cliente\source\global release\newuimyinventory.obj
d:\lab_mu\cliente\source\global release\newuimuhelper.obj
d:\lab_mu\cliente\source\global release\newuimovecommandwindow.obj
d:\lab_mu\cliente\source\global release\newuimixinventory.obj
d:\lab_mu\cliente\source\global release\newuiminimap.obj
d:\lab_mu\cliente\source\global release\newuimessagebox.obj
d:\lab_mu\cliente\source\global release\newuimasterlevel.obj
d:\lab_mu\cliente\source\global release\newuimanager.obj
d:\lab_mu\cliente\source\global release\newuimainframewindow.obj
d:\lab_mu\cliente\source\global release\newuiluckyitemwnd.obj
d:\lab_mu\cliente\source\global release\newuikanturuevent.obj
d:\lab_mu\cliente\source\global release\newuiunitedmarketplacewindow.obj
d:\lab_mu\cliente\source\global release\newuitrade.obj
d:\lab_mu\cliente\source\global release\newuitextbox.obj
d:\lab_mu\cliente\source\global release\newuisystem.obj
d:\lab_mu\cliente\source\global release\newuistorageinventory.obj
d:\lab_mu\cliente\source\global release\newuislidewindow.obj
d:\lab_mu\cliente\source\global release\newuisiegewarsoldier.obj
d:\lab_mu\cliente\source\global release\newuisiegewarobserver.obj
d:\lab_mu\cliente\source\global release\newuisiegewarcommander.obj
d:\lab_mu\cliente\source\global release\newuisiegewarbase.obj
d:\lab_mu\cliente\source\global release\newuisetitemexplanation.obj
d:\lab_mu\cliente\source\global release\newuiseigewarfare.obj
d:\lab_mu\cliente\source\global release\newuiscrollbar.obj
d:\lab_mu\cliente\source\global release\newuirendernumber.obj
d:\lab_mu\cliente\source\global release\newuiregistrationluckycoin.obj
d:\lab_mu\cliente\source\global release\newuiquickcommandwindow.obj
d:\lab_mu\cliente\source\global release\newuiquestprogressbyetc.obj
d:\lab_mu\cliente\source\global release\newuiquestprogress.obj
d:\lab_mu\cliente\source\global release\newuipurchaseshopinventory.obj
d:\lab_mu\cliente\source\global release\newuipetinfowindow.obj
d:\lab_mu\cliente\source\global release\serverselwin.obj
d:\lab_mu\cliente\source\global release\servermsgwin.obj
d:\lab_mu\cliente\source\global release\serverlistmanager.obj
d:\lab_mu\cliente\source\global release\serverinfo.obj
d:\lab_mu\cliente\source\global release\servergroup.obj
d:\lab_mu\cliente\source\global release\questmng.obj
d:\lab_mu\cliente\source\global release\questinfo.obj
d:\lab_mu\cliente\source\global release\protocolsend.obj
d:\lab_mu\cliente\source\global release\protectsyskey.obj
d:\lab_mu\cliente\source\global release\portalmgr.obj
d:\lab_mu\cliente\source\global release\plist.obj
d:\lab_mu\cliente\source\global release\physicsmanager.obj
d:\lab_mu\cliente\source\global release\personalshoptitleimp.obj
d:\lab_mu\cliente\source\global release\partymanager.obj
d:\lab_mu\cliente\source\global release\optionwin.obj
d:\lab_mu\cliente\source\global release\observer.obj
d:\lab_mu\cliente\source\global release\npcgateswitch.obj
d:\lab_mu\cliente\source\global release\npccatapult.obj
d:\lab_mu\cliente\source\global release\npcbreeder.obj
d:\lab_mu\cliente\source\global release\newuiwindowmenu.obj
d:\lab_mu\cliente\source\global release\uigatekeeper.obj
d:\lab_mu\cliente\source\global release\uidefaultbase.obj
d:\lab_mu\cliente\source\global release\uicontrols.obj
d:\lab_mu\cliente\source\global release\timer.obj
d:\lab_mu\cliente\source\global release\ctimcheck.obj
d:\lab_mu\cliente\source\global release\texturescript.obj
d:\lab_mu\cliente\source\global release\testeventmap.obj
d:\lab_mu\cliente\source\global release\sysmenuwin.obj
d:\lab_mu\cliente\source\global release\summonsystem.obj
d:\lab_mu\cliente\source\global release\sprite.obj
d:\lab_mu\cliente\source\global release\socketsystem.obj
d:\lab_mu\cliente\source\global release\smd2bmd.obj
d:\lab_mu\cliente\source\global release\smd.obj
d:\lab_mu\cliente\source\global release\slider.obj
d:\lab_mu\cliente\source\global release\slideinfo.obj
d:\lab_mu\cliente\source\global release\skillmanager.obj
d:\lab_mu\cliente\source\global release\skillinfo.obj
d:\lab_mu\cliente\source\global release\skilleffectmgr.obj
d:\lab_mu\cliente\source\global release\sidehair.obj
d:\lab_mu\cliente\source\global release\shadowvolume.obj
d:\lab_mu\cliente\source\global release\wsctlc.obj
d:\lab_mu\cliente\source\global release\winmain.obj
d:\lab_mu\cliente\source\global release\winex.obj
d:\lab_mu\cliente\source\global release\win.obj
d:\lab_mu\cliente\source\global release\memorylock.obj
d:\lab_mu\cliente\source\global release\windowsconsole.obj
d:\lab_mu\cliente\source\global release\muconsoledebug.obj
d:\lab_mu\cliente\source\global release\errorreport.obj
d:\lab_mu\cliente\source\global release\debugangel.obj
d:\lab_mu\cliente\source\global release\usefuldef.obj
d:\lab_mu\cliente\source\global release\uiwindows.obj
d:\lab_mu\cliente\source\global release\uisenatus.obj
d:\lab_mu\cliente\source\global release\uipopup.obj
d:\lab_mu\cliente\source\global release\uimng.obj
d:\lab_mu\cliente\source\global release\uimapname.obj
d:\lab_mu\cliente\source\global release\uimanager.obj
d:\lab_mu\cliente\source\global release\uijewelharmony.obj
d:\lab_mu\cliente\source\global release\uiguildmaster.obj
d:\lab_mu\cliente\source\global release\uiguildinfo.obj
d:\lab_mu\cliente\source\global release\uiguardsman.obj
d:\lab_mu\cliente\source\global release\zzzcharacter.obj
d:\lab_mu\cliente\source\global release\zzzbmd.obj
d:\lab_mu\cliente\source\global release\zzzai.obj
d:\lab_mu\cliente\source\global release\w_petprocess.obj
d:\lab_mu\cliente\source\global release\w_petactionunicorn.obj
d:\lab_mu\cliente\source\global release\w_petactionstand.obj
d:\lab_mu\cliente\source\global release\w_petactionround.obj
d:\lab_mu\cliente\source\global release\w_petactiondemon.obj
d:\lab_mu\cliente\source\global release\w_petactioncollecter_add.obj
d:\lab_mu\cliente\source\global release\w_petactioncollecter.obj
d:\lab_mu\cliente\source\global release\w_objectinfo.obj
d:\lab_mu\cliente\source\global release\w_mapprocess.obj
d:\lab_mu\cliente\source\global release\w_cursedtemple.obj
d:\lab_mu\cliente\source\global release\w_characterinfo.obj
d:\lab_mu\cliente\source\global release\w_bufftimecontrol.obj
d:\lab_mu\cliente\source\global release\w_buffstatevaluecontrol.obj
d:\lab_mu\cliente\source\global release\w_buffstatesystem.obj
d:\lab_mu\cliente\source\global release\w_buffscriptloader.obj
d:\lab_mu\cliente\source\global release\w_buff.obj
d:\lab_mu\cliente\source\global release\w_basepet.obj
d:\lab_mu\cliente\source\global release\_globalfunctions.obj
d:\lab_mu\cliente\source\global release\zzztexture.obj
d:\lab_mu\cliente\source\global release\zzzpath.obj
d:\lab_mu\cliente\source\global release\zzzopenglutil.obj
d:\lab_mu\cliente\source\global release\zzzopendata.obj
d:\lab_mu\cliente\source\global release\zzzobject.obj
d:\lab_mu\cliente\source\global release\zzzmixinvetory.obj
d:\lab_mu\cliente\source\global release\zzzlodterrain.obj
d:\lab_mu\cliente\source\global release\zzzinfomation.obj
d:\lab_mu\cliente\source\global release\zzzeffectsprite.obj
d:\lab_mu\cliente\source\global release\zzzeffectpointer.obj
d:\lab_mu\cliente\source\global release\zzzeffectpoint.obj
d:\lab_mu\cliente\source\global release\zzzeffectparticle.obj
d:\lab_mu\cliente\source\global release\zzzeffectnouse.obj
d:\lab_mu\cliente\source\global release\zzzeffectmagicskill.obj
d:\lab_mu\cliente\source\global release\zzzeffectjoint.obj
d:\lab_mu\cliente\source\global release\zzzeffectfireleave.obj
d:\lab_mu\cliente\source\global release\zzzeffectblurspark.obj
d:\lab_mu\cliente\source\global release\zzzscene.obj
d:\lab_mu\cliente\source\global release\zzzinventory.obj
d:\lab_mu\cliente\source\global release\zzzinterface.obj
d:\lab_mu\cliente\source\global release\zzzeffect.obj
d:\lab_mu\cliente\source\global release\wsclient.obj
c:\rebirth\main\global release\main.exe
c:\rebirth\main\global release\main
c:\rebirth\main\global release\main.pdb
c:\rebirth\main\global release\main.lib
c:\rebirth\main\global release\main.exp
c:\rebirth\main\source\global release\resource.res
d:\lab_mu\cliente\global release\main.pdb
d:\lab_mu\cliente\global release\main.exe
d:\lab_mu\cliente\source\global release\main.vcxproj.filelistabsolute.txt
d:\lab_mu\cliente\source\global release\main.tlog\cl.command.1.tlog
d:\lab_mu\cliente\source\global release\main.tlog\cl.items.tlog
d:\lab_mu\cliente\source\global release\main.tlog\cl.read.1.tlog
d:\lab_mu\cliente\source\global release\main.tlog\cl.write.1.tlog
d:\lab_mu\cliente\source\global release\main.tlog\link.command.1.tlog
d:\lab_mu\cliente\source\global release\main.tlog\link.read.1.tlog
d:\lab_mu\cliente\source\global release\main.tlog\link.write.1.tlog
d:\lab_mu\cliente\source\global release\main.tlog\link.write.2u.tlog
d:\lab_mu\cliente\source\global release\main.tlog\rc.command.1.tlog
d:\lab_mu\cliente\source\global release\main.tlog\rc.read.1.tlog
d:\lab_mu\cliente\source\global release\main.tlog\rc.write.1.tlog
