  StdAfx.cpp
  BlackWin.cpp
  BoneManager.cpp
  Builder.cpp
  Button.cpp
  CameraMove.cpp
  CBTMessageBox.cpp
  CComGem.cpp
  CDirection.cpp
  ChangeRingManager.cpp
  CharacterManager.cpp
  CharInfoBalloon.cpp
  CharInfoBalloonMng.cpp
  CharMakeWin.cpp
  CharSelMainWin.cpp
  CKANTURUDirection.cpp
  CMVP1stDirection.cpp
  CreditInfo.cpp
  CreditWin.cpp
  CSChaosCastle.cpp
  CSEventMatch.cpp
  Generando código...
  Compilando...
  CSItemOption.cpp
  CSMapServer.cpp
  CSParts.cpp
  CSPetSystem.cpp
  CSQuest.cpp
  CSWaterTerrain.cpp
  DialogInfo.cpp
  DSplaysound.cpp
  DSwaveIO.cpp
  DuelMgr.cpp
  Event.cpp
  ExplanationInfo.cpp
  callstackdmp.cpp
  checkintegrity.cpp
  ExceptionHandler.cpp
D:\LAB_MU\Cliente\source\ExternalObject\Leaf\ExceptionHandler.cpp(260,23): warning C4018: '<': no coinciden signed/unsigned
  (compilando archivo de origen "/source/ExternalObject/Leaf/ExceptionHandler.cpp")
  
  html_log.cpp
  peimage.cpp
  stdleaf.cpp
  sysinfo.cpp
  xortrans.cpp
  Generando código...
  Compilando...
  xstreambuf.cpp
  FilterInfo.cpp
  FilterNameInfo.cpp
  GambleSystem.cpp
  GameCensorship.cpp
  DownloadInfo.cpp
  FileDownloader.cpp
  FTPConnecter.cpp
  HTTPConnecter.cpp
  InGameShopSystem.cpp
  MsgBoxIGSBuyConfirm.cpp
  MsgBoxIGSBuyPackageItem.cpp
  MsgBoxIGSBuySelectItem.cpp
  MsgBoxIGSCommon.cpp
  MsgBoxIGSDeleteItemConfirm.cpp
  MsgBoxIGSGiftStorageItemInfo.cpp
  MsgBoxIGSSendGift.cpp
  MsgBoxIGSSendGiftConfirm.cpp
  MsgBoxIGSStorageItemInfo.cpp
  MsgBoxIGSUseBuffConfirm.cpp
  Generando código...
  Compilando...
  MsgBoxIGSUseItemConfirm.cpp
  NewUIInGameShop.cpp
  BannerInfo.cpp
  BannerInfoList.cpp
  BannerListManager.cpp
  FTPFileDownLoader.cpp
  Path.cpp
  WZResult.cpp
  ListManager.cpp
  ShopCategory.cpp
  ShopCategoryList.cpp
  ShopList.cpp
  ShopListManager.cpp
  ShopPackage.cpp
  ShopPackageList.cpp
  ShopProduct.cpp
  ShopProductList.cpp
  StringMethod.cpp
  StringToken.cpp
  GaugeBar.cpp
  Generando código...
  Compilando...
  GIPetManager.cpp
  GlobalBitmap.cpp
D:\LAB_MU\Cliente\source\GlobalBitmap.cpp(594,16): warning C4018: '<': no coinciden signed/unsigned
  (compilando archivo de origen "/source/GlobalBitmap.cpp")
  
D:\LAB_MU\Cliente\source\GlobalBitmap.cpp(598,17): warning C4018: '<': no coinciden signed/unsigned
  (compilando archivo de origen "/source/GlobalBitmap.cpp")
  
  GM3rdChangeUp.cpp
  GMAida.cpp
  GMBattleCastle.cpp
  GMCryingWolf2nd.cpp
  GMCrywolf1st.cpp
  GMDoppelGanger1.cpp
  GMDoppelGanger2.cpp
  GMDoppelGanger3.cpp
  GMDoppelGanger4.cpp
  GMDuelArena.cpp
  GMEmpireGuardian1.cpp
  GMEmpireGuardian2.cpp
  GMEmpireGuardian3.cpp
  GMEmpireGuardian4.cpp
  GMHellas.cpp
  GMHuntingGround.cpp
  GMKarutan1.cpp
  GMNewTown.cpp
  Generando código...
  Compilando...
  GMSantaTown.cpp
  GMSwampOfQuiet.cpp
  GMUnitedMarketPlace.cpp
  GM_kanturu_1st.cpp
  GM_Kanturu_2nd.cpp
  GM_Kanturu_3rd.cpp
  GM_PK_Field.cpp
  GM_Raklion.cpp
  GOBoid.cpp
  GuildCache.cpp
  GuildManager.cpp
  Input.cpp
  ItemAddOptioninfo.cpp
  ItemInfo.cpp
  ItemManager.cpp
  KeyGenerater.cpp
  LoadData.cpp
  LoadingScene.cpp
  Local.cpp
  LoginMainWin.cpp
  Generando código...
  Compilando...
  LoginWin.cpp
  MapManager.cpp
  MatchEvent.cpp
  ZzzMathLib.cpp
  MixMgr.cpp
  MonkSystem.cpp
  MoveCommandData.cpp
  MovereqInfo.cpp
  MovieScene.cpp
  MsgWin.cpp
  MultiLanguage.cpp
  NewBloodCastleSystem.cpp
  NewChaosCastleSystem.cpp
  NewUI3DRenderMng.cpp
  NewUIBattleSoccerScore.cpp
  NewUIBloodCastleEnter.cpp
  NewUIBloodCastleTime.cpp
  NewUIBuffWindow.cpp
  NewUIButton.cpp
  NewUICastleWindow.cpp
  Generando código...
  Compilando...
  NewUICatapultWindow.cpp
  NewUIChaosCastleTime.cpp
  NewUICharacterInfoWindow.cpp
  NewUIChatInputBox.cpp
  NewUIChatLogWindow.cpp
  NewUICommandWindow.cpp
  NewUICommon.cpp
  NewUICommonMessageBox.cpp
  NewUICryWolf.cpp
  NewUICursedTempleEnter.cpp
  NewUICursedTempleResult.cpp
  NewUICursedTempleSystem.cpp
  NewUICustomMessageBox.cpp
  NewUIDoppelGangerFrame.cpp
  NewUIDoppelGangerWindow.cpp
  NewUIDuelWatchMainFrameWindow.cpp
  NewUIDuelWatchUserListWindow.cpp
  NewUIDuelWatchWindow.cpp
  NewUIDuelWindow.cpp
  NewUIEmpireGuardianNPC.cpp
  Generando código...
  Compilando...
  NewUIEmpireGuardianTimer.cpp
  NewUIEnterDevilSquare.cpp
  NewUIExchangeLuckyCoin.cpp
  NewUIFriendWindow.cpp
  NewUIGatemanWindow.cpp
  NewUIGateSwitchWindow.cpp
  NewUIGensRanking.cpp
  NewUIGoldBowmanLena.cpp
  NewUIGoldBowmanWindow.cpp
  NewUIGroup.cpp
  NewUIGuardWindow.cpp
  NewUIGuildInfoWindow.cpp
  NewUIGuildMakeWindow.cpp
  NewUIHelpWindow.cpp
  NewUIHeroPositionInfo.cpp
  NewUIHotKey.cpp
  NewUIInventoryCtrl.cpp
  NewUIItemEnduranceInfo.cpp
  NewUIItemExplanationWindow.cpp
  NewUIItemMng.cpp
  Generando código...
  Compilando...
  NewUIKanturuEvent.cpp
  NewUILuckyItemWnd.cpp
  NewUIMainFrameWindow.cpp
  NewUIManager.cpp
  NewUIMasterLevel.cpp
  NewUIMessageBox.cpp
  NewUIMiniMap.cpp
  NewUIMixInventory.cpp
  NewUIMoveCommandWindow.cpp
  NewUIMuHelper.cpp
  NewUIMyInventory.cpp
  NewUIMyQuestInfoWindow.cpp
  NewUIMyShopInventory.cpp
  NewUINameWindow.cpp
  NewUINPCDialogue.cpp
  NewUINPCQuest.cpp
  NewUINPCShop.cpp
  NewUIOptionWindow.cpp
  NewUIPartyInfoWindow.cpp
  NewUIPartyListWindow.cpp
  Generando código...
  Compilando...
  NewUIPetInfoWindow.cpp
  NewUIPurchaseShopInventory.cpp
  NewUIQuestProgress.cpp
  NewUIQuestProgressByEtc.cpp
  NewUIQuickCommandWindow.cpp
  NewUIRegistrationLuckyCoin.cpp
  NewUIRenderNumber.cpp
  NewUIScrollBar.cpp
  NewUISeigeWarfare.cpp
  NewUISetItemExplanation.cpp
  NewUISiegeWarBase.cpp
  NewUISiegeWarCommander.cpp
  NewUISiegeWarObserver.cpp
  NewUISiegeWarSoldier.cpp
  NewUISlideWindow.cpp
  NewUIStorageInventory.cpp
  NewUISystem.cpp
  NewUITextBox.cpp
  NewUITrade.cpp
  NewUIUnitedMarketPlaceWindow.cpp
  Generando código...
  Compilando...
  NewUIWindowMenu.cpp
  npcBreeder.cpp
  npcCatapult.cpp
  npcGateSwitch.cpp
  Observer.cpp
  OptionWin.cpp
  PartyManager.cpp
  PersonalShopTitleImp.cpp
  PhysicsManager.cpp
  PList.cpp
  PortalMgr.cpp
  ProtectSysKey.cpp
  ProtocolSend.cpp
  QuestInfo.cpp
  QuestMng.cpp
  ServerGroup.cpp
  ServerInfo.cpp
  ServerListManager.cpp
  ServerMsgWin.cpp
  ServerSelWin.cpp
  Generando código...
  Compilando...
  ShadowVolume.cpp
  SideHair.cpp
  SkillEffectMgr.cpp
  SkillInfo.cpp
  SkillManager.cpp
  SlideInfo.cpp
  Slider.cpp
  SMD.cpp
  SMD2BMD.cpp
  SocketSystem.cpp
  Sprite.cpp
  SummonSystem.cpp
  SysMenuWin.cpp
  TestEventMap.cpp
  TextureScript.cpp
  CTimCheck.cpp
  Timer.cpp
  UIControls.cpp
  UIDefaultBase.cpp
  UIGateKeeper.cpp
  Generando código...
D:\LAB_MU\Cliente\source\TextureScript.cpp(78,1): warning C4715: 'TextureScriptParsing::parsingTScript': no todas las rutas de acceso de control devuelven un valor
  Compilando...
  UIGuardsMan.cpp
  UIGuildInfo.cpp
  UIGuildMaster.cpp
  UIJewelHarmony.cpp
  UIManager.cpp
  UIMapName.cpp
  UIMng.cpp
  UIPopup.cpp
  UISenatus.cpp
  UIWindows.cpp
  UsefulDef.cpp
  DebugAngel.cpp
  ErrorReport.cpp
D:\LAB_MU\Cliente\source\Utilities\Log\ErrorReport.cpp(209,47): warning C4302: 'conversión de tipo': truncamiento de 'void *' a 'BYTE'
  (compilando archivo de origen "/source/Utilities/Log/ErrorReport.cpp")
  
  muConsoleDebug.cpp
  WindowsConsole.cpp
  MemoryLock.cpp
  Win.cpp
  WinEx.cpp
  Winmain.cpp
  WSctlc.cpp
  Generando código...
  Compilando...
  w_BasePet.cpp
  w_Buff.cpp
  w_BuffScriptLoader.cpp
D:\LAB_MU\Cliente\source\w_BuffScriptLoader.cpp(106,39): warning C4474: "sprintf": se pasaron demasiados argumentos para la cadena de formato
  (compilando archivo de origen "/source/w_BuffScriptLoader.cpp")
      D:\LAB_MU\Cliente\source\w_BuffScriptLoader.cpp(106,39):
      los marcadores de posición y sus parámetros esperan 0 argumentos variádicos, pero se proporcionaron 1
  
D:\LAB_MU\Cliente\source\w_BuffScriptLoader.cpp(144,38): warning C4474: "sprintf": se pasaron demasiados argumentos para la cadena de formato
  (compilando archivo de origen "/source/w_BuffScriptLoader.cpp")
      D:\LAB_MU\Cliente\source\w_BuffScriptLoader.cpp(144,38):
      los marcadores de posición y sus parámetros esperan 0 argumentos variádicos, pero se proporcionaron 1
  
  w_BuffStateSystem.cpp
  w_BuffStateValueControl.cpp
  w_BuffTimeControl.cpp
  w_CharacterInfo.cpp
  w_CursedTemple.cpp
  w_MapProcess.cpp
  w_ObjectInfo.cpp
  w_PetActionCollecter.cpp
  w_PetActionCollecter_Add.cpp
  w_PetActionDemon.cpp
  w_PetActionRound.cpp
  w_PetActionStand.cpp
  w_PetActionUnicorn.cpp
  w_PetProcess.cpp
  ZzzAI.cpp
  ZzzBMD.cpp
  ZzzCharacter.cpp
D:\LAB_MU\Cliente\source\ZzzCharacter.cpp(10094,44): warning C4390: ';': se encontró una instrucción controlada vacía; ¿es esa la intención?
  (compilando archivo de origen "/source/ZzzCharacter.cpp")
  
  Generando código...
  Compilando...
  ZzzEffectBlurSpark.cpp
  ZzzEffectFireLeave.cpp
  ZzzEffectJoint.cpp
  ZzzEffectMagicSkill.cpp
  ZzzEffectNoUse.cpp
  ZzzEffectParticle.cpp
  ZzzEffectPoint.cpp
  ZzzEffectPointer.cpp
  zzzeffectsprite.cpp
  ZzzInfomation.cpp
  ZzzLodTerrain.cpp
  zzzMixInvetory.cpp
  ZzzObject.cpp
  ZzzOpenData.cpp
  ZzzOpenglUtil.cpp
D:\LAB_MU\Cliente\source\ZzzOpenglUtil.cpp(141,20): warning C4018: '<': no coinciden signed/unsigned
  (compilando archivo de origen "/source/ZzzOpenglUtil.cpp")
  
  zzzpath.cpp
  ZzzTexture.cpp
  _GlobalFunctions.cpp
  Generando código...
  WSclient.cpp
  ZzzEffect.cpp
  ZzzInterface.cpp
  ZzzInventory.cpp
  ZzzScene.cpp
  Generando código...
D:\LAB_MU\Cliente\source\ZzzEffect.cpp(5339,1): warning C4789: en el búfer 'void __cdecl CreateEffect(int,float * const,float * const,float * const,int,class OBJECT *,short,unsigned short,unsigned short,unsigned short,float,short)' de la función 'arv3PosProcess' de tamaño 40 bytes se saturará; 4 bytes se escribirán a partir del desplazamiento 44
     Creando biblioteca D:\LAB_MU\Cliente\Global Release\Main.lib y objeto D:\LAB_MU\Cliente\Global Release\Main.exp
  Main.vcxproj -> D:\LAB_MU\Cliente\Global Release\Main.exe
